<?xml version="1.0" encoding="UTF-8"?>
<testsuite xmlns:xsi="http://www.w3.org/2001/XMLSchema-instance" xsi:noNamespaceSchemaLocation="https://maven.apache.org/surefire/maven-surefire-plugin/xsd/surefire-test-report-3.0.xsd" version="3.0" name="TestSuite" time="181.052" tests="17" errors="0" skipped="3" failures="4">
  <properties>
[...]
</properties>
  <testcase name="shouldFallbackToConnectedDeviceWhenConfiguredUdidIsUnavailable" classname="tests.framework.AndroidDeviceHelperTest" time="5.055">
    <system-out><![CDATA[01:17:41.655 [main] DEBUG org.testng.TestNG - suiteXmlPath: "/Users/sachin/Downloads/Mobile Framework/Mobile-Framework/testng.xml"
01:17:47.010 [main] WARN driver.AndroidDeviceHelper - Configured udid missing-device is not connected. Falling back to emulator-5554
]]></system-out>
  </testcase>
  <testcase name="shouldPreferProvidedUdidWhenResolvingTargetDevice" classname="tests.framework.AndroidDeviceHelperTest" time="0.002"/>
  <testcase name="shouldPreferSystemPropertyValue" classname="tests.framework.FrameworkConfigTest" time="0.001"/>
  <testcase name="shouldReturnFirstAvailableSystemProperty" classname="tests.framework.FrameworkConfigTest" time="0.001"/>
  <testcase name="shouldBuildAndroidOptionsFromSystemProperties" classname="tests.framework.DriverFactoryTest" time="0.025"/>
  <testcase name="shouldUseServerUrlFromSystemProperties" classname="tests.framework.DriverFactoryTest" time="0.0"/>
  <testcase name="shouldRejectNullDriverForFrameworkClasses" classname="tests.framework.PageValidationTest" time="0.002"/>
  <testcase name="shouldRejectUnsupportedGenderType" classname="tests.framework.PageValidationTest" time="0.011"/>
  <testcase name="shouldRejectUnsupportedProfileType" classname="tests.framework.PageValidationTest" time="0.001"/>
  <testcase name="verifyAppLaunch" classname="tests.StartUP.VerifyLandingTest" time="0.22">
    <system-out><![CDATA[01:17:47.092 [main] INFO tests.StartUP.VerifyLandingTest - Initializing driver for test verifyAppLaunch
01:17:47.106 [main] WARN driver.AndroidDeviceHelper - Configured udid 38161JEHN04963 is not connected. Falling back to emulator-5554
01:17:47.127 [main] INFO driver.AndroidDeviceHelper - Waking Android device before test session: emulator-5554
01:17:47.220 [main] INFO driver.DriverFactory - Starting AndroidDriver session against http://127.0.0.1:4723 (deviceName=Android Device, udid=emulator-5554)
01:17:47.249 [main] WARN driver.AndroidDeviceHelper - Configured udid 38161JEHN04963 is not connected. Falling back to emulator-5554
01:17:47.272 [main] DEBUG io.netty.util.internal.logging.InternalLoggerFactory - Using SLF4J as the default logging framework
01:17:47.273 [main] DEBUG io.netty.util.ResourceLeakDetector - -Dio.netty.leakDetection.level: simple
01:17:47.273 [main] DEBUG io.netty.util.ResourceLeakDetector - -Dio.netty.leakDetection.targetRecords: 4
01:17:47.275 [main] DEBUG io.netty.util.ResourceLeakDetectorFactory - Loaded default ResourceLeakDetector: io.netty.util.ResourceLeakDetector@305f031
01:17:47.281 [main] DEBUG io.netty.util.internal.PlatformDependent0 - -Dio.netty.noUnsafe: false
01:17:47.281 [main] DEBUG io.netty.util.internal.PlatformDependent0 - Java version: 17
01:17:47.281 [main] DEBUG io.netty.util.internal.PlatformDependent0 - sun.misc.Unsafe.theUnsafe: available
01:17:47.282 [main] DEBUG io.netty.util.internal.PlatformDependent0 - sun.misc.Unsafe.copyMemory: available
01:17:47.282 [main] DEBUG io.netty.util.internal.PlatformDependent0 - sun.misc.Unsafe.storeFence: available
01:17:47.282 [main] DEBUG io.netty.util.internal.PlatformDependent0 - java.nio.Buffer.address: available
01:17:47.282 [main] DEBUG io.netty.util.internal.PlatformDependent0 - direct buffer constructor: unavailable: Reflective setAccessible(true) disabled
01:17:47.282 [main] DEBUG io.netty.util.internal.PlatformDependent0 - java.nio.Bits.unaligned: available, true
01:17:47.282 [main] DEBUG io.netty.util.internal.PlatformDependent0 - jdk.internal.misc.Unsafe.allocateUninitializedArray(int): unavailable: class io.netty.util.internal.PlatformDependent0$7 cannot access class jdk.internal.misc.Unsafe (in module java.base) because module java.base does not export jdk.internal.misc to unnamed module @22e3f42a
01:17:47.283 [main] DEBUG io.netty.util.internal.PlatformDependent0 - java.nio.DirectByteBuffer.<init>(long, int): unavailable
01:17:47.283 [main] DEBUG io.netty.util.internal.PlatformDependent - sun.misc.Unsafe: available
01:17:47.284 [main] DEBUG io.netty.util.internal.PlatformDependent - maxDirectMemory: 4294967296 bytes (maybe)
01:17:47.284 [main] DEBUG io.netty.util.internal.PlatformDependent - -Dio.netty.tmpdir: /var/folders/wh/_jbw6fs52zs0k6j1m6n_k_3m0000gn/T (java.io.tmpdir)
01:17:47.284 [main] DEBUG io.netty.util.internal.PlatformDependent - -Dio.netty.bitMode: 64 (sun.arch.data.model)
01:17:47.284 [main] DEBUG io.netty.util.internal.PlatformDependent - Platform: MacOS
01:17:47.284 [main] DEBUG io.netty.util.internal.PlatformDependent - -Dio.netty.maxDirectMemory: -1 bytes
01:17:47.284 [main] DEBUG io.netty.util.internal.PlatformDependent - -Dio.netty.uninitializedArrayAllocationThreshold: -1
01:17:47.285 [main] DEBUG io.netty.util.internal.CleanerJava9 - java.nio.ByteBuffer.cleaner(): available
01:17:47.285 [main] DEBUG io.netty.util.internal.PlatformDependent - -Dio.netty.noPreferDirect: false
01:17:47.287 [main] DEBUG io.netty.util.internal.PlatformDependent - org.jctools-core.MpscChunkedArrayQueue: available
01:17:47.295 [main] DEBUG io.netty.util.internal.InternalThreadLocalMap - -Dio.netty.threadLocalMap.stringBuilder.initialSize: 1024
01:17:47.295 [main] DEBUG io.netty.util.internal.InternalThreadLocalMap - -Dio.netty.threadLocalMap.stringBuilder.maxSize: 4096
01:17:47.386 [main] DEBUG io.netty.handler.ssl.JdkSslContext - Default protocols (JDK): [TLSv1.3, TLSv1.2] 
01:17:47.386 [main] DEBUG io.netty.handler.ssl.JdkSslContext - Default cipher suites (JDK): [TLS_ECDHE_ECDSA_WITH_AES_256_GCM_SHA384, TLS_ECDHE_ECDSA_WITH_AES_128_GCM_SHA256, TLS_ECDHE_RSA_WITH_AES_128_GCM_SHA256, TLS_ECDHE_RSA_WITH_AES_256_GCM_SHA384, TLS_ECDHE_RSA_WITH_AES_128_CBC_SHA, TLS_ECDHE_RSA_WITH_AES_256_CBC_SHA, TLS_RSA_WITH_AES_128_GCM_SHA256, TLS_RSA_WITH_AES_128_CBC_SHA, TLS_RSA_WITH_AES_256_CBC_SHA, TLS_AES_128_GCM_SHA256, TLS_AES_256_GCM_SHA384]
01:17:47.390 [main] DEBUG io.netty.util.concurrent.GlobalEventExecutor - -Dio.netty.globalEventExecutor.quietPeriodSeconds: 1
01:17:47.396 [main] DEBUG io.netty.channel.MultithreadEventLoopGroup - -Dio.netty.eventLoopThreads: 20
01:17:47.401 [main] DEBUG io.netty.channel.nio.NioEventLoop - -Dio.netty.noKeySetOptimization: false
01:17:47.401 [main] DEBUG io.netty.channel.nio.NioEventLoop - -Dio.netty.selectorAutoRebuildThreshold: 512
01:17:47.414 [main] DEBUG io.netty.buffer.PooledByteBufAllocator - -Dio.netty.allocator.numHeapArenas: 20
01:17:47.414 [main] DEBUG io.netty.buffer.PooledByteBufAllocator - -Dio.netty.allocator.numDirectArenas: 20
01:17:47.415 [main] DEBUG io.netty.buffer.PooledByteBufAllocator - -Dio.netty.allocator.pageSize: 8192
01:17:47.415 [main] DEBUG io.netty.buffer.PooledByteBufAllocator - -Dio.netty.allocator.maxOrder: 9
01:17:47.415 [main] DEBUG io.netty.buffer.PooledByteBufAllocator - -Dio.netty.allocator.chunkSize: 4194304
01:17:47.415 [main] DEBUG io.netty.buffer.PooledByteBufAllocator - -Dio.netty.allocator.smallCacheSize: 256
01:17:47.415 [main] DEBUG io.netty.buffer.PooledByteBufAllocator - -Dio.netty.allocator.normalCacheSize: 64
01:17:47.415 [main] DEBUG io.netty.buffer.PooledByteBufAllocator - -Dio.netty.allocator.maxCachedBufferCapacity: 32768
01:17:47.415 [main] DEBUG io.netty.buffer.PooledByteBufAllocator - -Dio.netty.allocator.cacheTrimInterval: 8192
01:17:47.415 [main] DEBUG io.netty.buffer.PooledByteBufAllocator - -Dio.netty.allocator.cacheTrimIntervalMillis: 0
01:17:47.415 [main] DEBUG io.netty.buffer.PooledByteBufAllocator - -Dio.netty.allocator.useCacheForAllThreads: false
01:17:47.415 [main] DEBUG io.netty.buffer.PooledByteBufAllocator - -Dio.netty.allocator.maxCachedByteBuffersPerChunk: 1023
01:17:47.419 [main] DEBUG io.netty.buffer.ByteBufUtil - -Dio.netty.allocator.type: pooled
01:17:47.419 [main] DEBUG io.netty.buffer.ByteBufUtil - -Dio.netty.threadLocalDirectBufferSize: 0
01:17:47.419 [main] DEBUG io.netty.buffer.ByteBufUtil - -Dio.netty.maxThreadLocalCharBufferSize: 16384
01:17:47.486 [Forwarding newSession on session null to remote] DEBUG io.netty.channel.DefaultChannelId - -Dio.netty.processId: 26966 (auto-detected)
01:17:47.486 [Forwarding newSession on session null to remote] DEBUG io.netty.util.NetUtil - -Djava.net.preferIPv4Stack: false
01:17:47.486 [Forwarding newSession on session null to remote] DEBUG io.netty.util.NetUtil - -Djava.net.preferIPv6Addresses: false
01:17:47.489 [Forwarding newSession on session null to remote] DEBUG io.netty.util.NetUtilInitializations - Loopback interface: lo0 (lo0, 0:0:0:0:0:0:0:1%lo0)
01:17:47.489 [Forwarding newSession on session null to remote] DEBUG io.netty.util.NetUtil - Failed to get SOMAXCONN from sysctl and file /proc/sys/net/core/somaxconn. Default: 128
01:17:47.490 [Forwarding newSession on session null to remote] DEBUG io.netty.channel.DefaultChannelId - -Dio.netty.machineId: 66:b7:4b:ff:fe:30:8c:92 (auto-detected)
01:17:47.507 [AsyncHttpClient-1-2] DEBUG io.netty.buffer.AbstractByteBuf - -Dio.netty.buffer.checkAccessible: true
01:17:47.507 [AsyncHttpClient-1-2] DEBUG io.netty.buffer.AbstractByteBuf - -Dio.netty.buffer.checkBounds: true
01:17:47.507 [AsyncHttpClient-1-2] DEBUG io.netty.util.ResourceLeakDetectorFactory - Loaded default ResourceLeakDetector: io.netty.util.ResourceLeakDetector@26c964ea
01:17:47.515 [AsyncHttpClient-1-2] DEBUG org.asynchttpclient.netty.channel.NettyConnectListener - Using new Channel '[id: 0xf10b9492, L:/127.0.0.1:53379 - R:/127.0.0.1:4723]' for 'POST' to '/session'
01:17:47.521 [AsyncHttpClient-1-2] DEBUG io.netty.util.Recycler - -Dio.netty.recycler.maxCapacityPerThread: 4096
01:17:47.521 [AsyncHttpClient-1-2] DEBUG io.netty.util.Recycler - -Dio.netty.recycler.ratio: 8
01:17:47.521 [AsyncHttpClient-1-2] DEBUG io.netty.util.Recycler - -Dio.netty.recycler.chunkSize: 32
01:17:47.521 [AsyncHttpClient-1-2] DEBUG io.netty.util.Recycler - -Dio.netty.recycler.blocking: false
01:17:47.521 [AsyncHttpClient-1-2] DEBUG io.netty.util.Recycler - -Dio.netty.recycler.batchFastThreadLocalOnly: true
01:17:50.365 [AsyncHttpClient-1-2] DEBUG io.netty.handler.codec.compression.Brotli - brotli4j not in the classpath; Brotli support will be unavailable.
01:17:50.365 [AsyncHttpClient-1-2] DEBUG org.asynchttpclient.netty.handler.HttpHandler - 

Request DefaultHttpRequest(decodeResult: success, version: HTTP/1.1)
POST /session HTTP/1.1
X-Idempotency-Key: fbffeb8d-7bca-46f1-9b85-4e2eef994d2c
User-Agent: appium/8.4.0 (selenium/4.8.3 (java mac))
Content-Length: 422
Content-Type: application/json; charset=utf-8
host: 127.0.0.1:4723
accept: */*

Response DefaultHttpResponse(decodeResult: success, version: HTTP/1.1)
HTTP/1.1 200 OK
X-Powered-By: Express
Vary: X-HTTP-Method-Override
Content-Type: application/json; charset=utf-8
Content-Length: 1005
ETag: W/"3ed-pm0ZxHAYZ8Q0WC5jolxNrgCWqG4"
Date: Fri, 27 Mar 2026 19:47:50 GMT
Connection: keep-alive
Keep-Alive: timeout=600

01:17:50.368 [AsyncHttpClient-1-2] DEBUG org.asynchttpclient.netty.channel.ChannelManager - Adding key: http://127.0.0.1:4723 for channel [id: 0xf10b9492, L:/127.0.0.1:53379 - R:/127.0.0.1:4723]
01:17:50.396 [Forwarding findElement on session ea72cddc-b34f-48c6-8bdb-8457dc99f9af to remote] DEBUG org.asynchttpclient.netty.request.NettyRequestSender - Using pooled Channel '[id: 0xf10b9492, L:/127.0.0.1:53379 - R:/127.0.0.1:4723]' for 'POST' to 'http://127.0.0.1:4723/session/ea72cddc-b34f-48c6-8bdb-8457dc99f9af/element'
01:17:50.396 [Forwarding findElement on session ea72cddc-b34f-48c6-8bdb-8457dc99f9af to remote] DEBUG org.asynchttpclient.netty.request.NettyRequestSender - Using open Channel [id: 0xf10b9492, L:/127.0.0.1:53379 - R:/127.0.0.1:4723] for POST '/session/ea72cddc-b34f-48c6-8bdb-8457dc99f9af/element'
01:17:50.592 [AsyncHttpClient-1-2] DEBUG org.asynchttpclient.netty.handler.HttpHandler - 

Request DefaultHttpRequest(decodeResult: success, version: HTTP/1.1)
POST /session/ea72cddc-b34f-48c6-8bdb-8457dc99f9af/element HTTP/1.1
User-Agent: appium/8.4.0 (selenium/4.8.3 (java mac))
Content-Length: 212
Content-Type: application/json; charset=utf-8
host: 127.0.0.1:4723
accept: */*

Response DefaultHttpResponse(decodeResult: success, version: HTTP/1.1)
HTTP/1.1 200 OK
X-Powered-By: Express
Vary: X-HTTP-Method-Override
Content-Type: application/json; charset=utf-8
Content-Length: 137
ETag: W/"89-4ywYupcNf6I+4Ob94bbupVUC5pg"
Date: Fri, 27 Mar 2026 19:47:50 GMT
Connection: keep-alive
Keep-Alive: timeout=600

01:17:50.592 [AsyncHttpClient-1-2] DEBUG org.asynchttpclient.netty.channel.ChannelManager - Adding key: http://127.0.0.1:4723 for channel [id: 0xf10b9492, L:/127.0.0.1:53379 - R:/127.0.0.1:4723]
01:17:50.595 [Forwarding isElementDisplayed on session ea72cddc-b34f-48c6-8bdb-8457dc99f9af to remote] DEBUG org.asynchttpclient.netty.request.NettyRequestSender - Using pooled Channel '[id: 0xf10b9492, L:/127.0.0.1:53379 - R:/127.0.0.1:4723]' for 'GET' to 'http://127.0.0.1:4723/session/ea72cddc-b34f-48c6-8bdb-8457dc99f9af/element/00000000-0000-0096-0000-000400000003/displayed'
01:17:50.595 [Forwarding isElementDisplayed on session ea72cddc-b34f-48c6-8bdb-8457dc99f9af to remote] DEBUG org.asynchttpclient.netty.request.NettyRequestSender - Using open Channel [id: 0xf10b9492, L:/127.0.0.1:53379 - R:/127.0.0.1:4723] for GET '/session/ea72cddc-b34f-48c6-8bdb-8457dc99f9af/element/00000000-0000-0096-0000-000400000003/displayed'
01:17:50.609 [AsyncHttpClient-1-2] DEBUG org.asynchttpclient.netty.handler.HttpHandler - 

Request DefaultFullHttpRequest(decodeResult: success, version: HTTP/1.1, content: EmptyByteBufBE)
GET /session/ea72cddc-b34f-48c6-8bdb-8457dc99f9af/element/00000000-0000-0096-0000-000400000003/displayed HTTP/1.1
User-Agent: appium/8.4.0 (selenium/4.8.3 (java mac))
Cache-Control: no-cache
Content-Type: application/json; charset=utf-8
host: 127.0.0.1:4723
accept: */*

Response DefaultHttpResponse(decodeResult: success, version: HTTP/1.1)
HTTP/1.1 200 OK
X-Powered-By: Express
Content-Type: application/json; charset=utf-8
Content-Length: 14
ETag: W/"e-2ZHvAWebNQpyjGZTg6uyV8/spTo"
Date: Fri, 27 Mar 2026 19:47:50 GMT
Connection: keep-alive
Keep-Alive: timeout=600

01:17:50.609 [AsyncHttpClient-1-2] DEBUG org.asynchttpclient.netty.channel.ChannelManager - Adding key: http://127.0.0.1:4723 for channel [id: 0xf10b9492, L:/127.0.0.1:53379 - R:/127.0.0.1:4723]
]]></system-out>
  </testcase>
  <testcase name="verifyNavigationOptions" classname="tests.StartUP.VerifyLandingTest" time="81.05">
    <failure message="None of the provided locators were clickable&#10;Build info: version: &apos;4.8.3&apos;, revision: &apos;e5e76298c3&apos;&#10;System info: os.name: &apos;Mac OS X&apos;, os.arch: &apos;aarch64&apos;, os.version: &apos;26.3.1&apos;, java.version: &apos;17.0.17&apos;&#10;Driver info: driver.version: unknown" type="org.openqa.selenium.TimeoutException"><![CDATA[org.openqa.selenium.TimeoutException: 
None of the provided locators were clickable
Build info: version: '4.8.3', revision: 'e5e76298c3'
System info: os.name: 'Mac OS X', os.arch: 'aarch64', os.version: '26.3.1', java.version: '17.0.17'
Driver info: driver.version: unknown
	at utils.ElementActions.clickFirst(ElementActions.java:43)
	at pages.HomePage.clickSignUp(HomePage.java:59)
	at pages.HomePage.goToSignUp(HomePage.java:67)
	at tests.StartUP.VerifyLandingTest.verifyNavigationOptions(VerifyLandingTest.java:33)
	at java.base/jdk.internal.reflect.NativeMethodAccessorImpl.invoke0(Native Method)
	at java.base/jdk.internal.reflect.NativeMethodAccessorImpl.invoke(NativeMethodAccessorImpl.java:77)
	at java.base/jdk.internal.reflect.DelegatingMethodAccessorImpl.invoke(DelegatingMethodAccessorImpl.java:43)
	at java.base/java.lang.reflect.Method.invoke(Method.java:569)
	at org.testng.internal.invokers.MethodInvocationHelper.invokeMethod(MethodInvocationHelper.java:139)
	at org.testng.internal.invokers.TestInvoker.invokeMethod(TestInvoker.java:664)
	at org.testng.internal.invokers.TestInvoker.invokeTestMethod(TestInvoker.java:228)
	at org.testng.internal.invokers.MethodRunner.runInSequence(MethodRunner.java:63)
	at org.testng.internal.invokers.TestInvoker$MethodInvocationAgent.invoke(TestInvoker.java:961)
	at org.testng.internal.invokers.TestInvoker.invokeTestMethods(TestInvoker.java:201)
	at org.testng.internal.invokers.TestMethodWorker.invokeTestMethods(TestMethodWorker.java:148)
	at org.testng.internal.invokers.TestMethodWorker.run(TestMethodWorker.java:128)
	at java.base/java.util.ArrayList.forEach(ArrayList.java:1511)
	at org.testng.TestRunner.privateRun(TestRunner.java:819)
	at org.testng.TestRunner.run(TestRunner.java:619)
	at org.testng.SuiteRunner.runTest(SuiteRunner.java:443)
	at org.testng.SuiteRunner.runSequentially(SuiteRunner.java:437)
	at org.testng.SuiteRunner.privateRun(SuiteRunner.java:397)
	at org.testng.SuiteRunner.run(SuiteRunner.java:336)
	at org.testng.SuiteRunnerWorker.runSuite(SuiteRunnerWorker.java:52)
	at org.testng.SuiteRunnerWorker.run(SuiteRunnerWorker.java:95)
	at org.testng.TestNG.runSuitesSequentially(TestNG.java:1301)
	at org.testng.TestNG.runSuitesLocally(TestNG.java:1228)
	at org.testng.TestNG.runSuites(TestNG.java:1134)
	at org.testng.TestNG.run(TestNG.java:1101)
	at org.apache.maven.surefire.testng.TestNGExecutor.run(TestNGExecutor.java:308)
	at org.apache.maven.surefire.testng.TestNGXmlTestSuite.execute(TestNGXmlTestSuite.java:71)
	at org.apache.maven.surefire.testng.TestNGProvider.invoke(TestNGProvider.java:113)
	at org.apache.maven.surefire.booter.ForkedBooter.runSuitesInProcess(ForkedBooter.java:385)
	at org.apache.maven.surefire.booter.ForkedBooter.execute(ForkedBooter.java:162)
	at org.apache.maven.surefire.booter.ForkedBooter.run(ForkedBooter.java:507)
	at org.apache.maven.surefire.booter.ForkedBooter.main(ForkedBooter.java:495)
]]></failure>
    <system-out><![CDATA[01:17:50.611 [main] INFO tests.StartUP.VerifyLandingTest - Test passed: verifyAppLaunch
01:17:50.613 [main] INFO tests.StartUP.VerifyLandingTest - Quitting driver
01:17:50.614 [Forwarding quit on session ea72cddc-b34f-48c6-8bdb-8457dc99f9af to remote] DEBUG org.asynchttpclient.netty.request.NettyRequestSender - Using pooled Channel '[id: 0xf10b9492, L:/127.0.0.1:53379 - R:/127.0.0.1:4723]' for 'DELETE' to 'http://127.0.0.1:4723/session/ea72cddc-b34f-48c6-8bdb-8457dc99f9af'
01:17:50.614 [Forwarding quit on session ea72cddc-b34f-48c6-8bdb-8457dc99f9af to remote] DEBUG org.asynchttpclient.netty.request.NettyRequestSender - Using open Channel [id: 0xf10b9492, L:/127.0.0.1:53379 - R:/127.0.0.1:4723] for DELETE '/session/ea72cddc-b34f-48c6-8bdb-8457dc99f9af'
01:17:51.096 [AsyncHttpClient-1-2] DEBUG org.asynchttpclient.netty.handler.HttpHandler - 

Request DefaultFullHttpRequest(decodeResult: success, version: HTTP/1.1, content: EmptyByteBufBE)
DELETE /session/ea72cddc-b34f-48c6-8bdb-8457dc99f9af HTTP/1.1
User-Agent: appium/8.4.0 (selenium/4.8.3 (java mac))
Content-Type: application/json; charset=utf-8
host: 127.0.0.1:4723
accept: */*

Response DefaultHttpResponse(decodeResult: success, version: HTTP/1.1)
HTTP/1.1 200 OK
X-Powered-By: Express
Content-Type: application/json; charset=utf-8
Content-Length: 14
ETag: W/"e-9/1BuKMgFObM1mWJm+YjxtXJnUM"
Date: Fri, 27 Mar 2026 19:47:51 GMT
Connection: keep-alive
Keep-Alive: timeout=600

01:17:51.096 [AsyncHttpClient-1-2] DEBUG org.asynchttpclient.netty.channel.ChannelManager - Adding key: http://127.0.0.1:4723 for channel [id: 0xf10b9492, L:/127.0.0.1:53379 - R:/127.0.0.1:4723]
01:17:51.099 [main] INFO tests.StartUP.VerifyLandingTest - Initializing driver for test verifyNavigationOptions
01:17:51.115 [main] WARN driver.AndroidDeviceHelper - Configured udid 38161JEHN04963 is not connected. Falling back to emulator-5554
01:17:51.130 [main] INFO driver.AndroidDeviceHelper - Waking Android device before test session: emulator-5554
01:17:51.206 [main] INFO driver.DriverFactory - Starting AndroidDriver session against http://127.0.0.1:4723 (deviceName=Android Device, udid=emulator-5554)
01:17:51.224 [main] WARN driver.AndroidDeviceHelper - Configured udid 38161JEHN04963 is not connected. Falling back to emulator-5554
01:17:51.227 [Forwarding newSession on session null to remote] DEBUG org.asynchttpclient.netty.request.NettyRequestSender - Using pooled Channel '[id: 0xf10b9492, L:/127.0.0.1:53379 - R:/127.0.0.1:4723]' for 'POST' to 'http://127.0.0.1:4723/session'
01:17:51.227 [Forwarding newSession on session null to remote] DEBUG org.asynchttpclient.netty.request.NettyRequestSender - Using open Channel [id: 0xf10b9492, L:/127.0.0.1:53379 - R:/127.0.0.1:4723] for POST '/session'
01:17:52.834 [AsyncHttpClient-1-2] DEBUG org.asynchttpclient.netty.handler.HttpHandler - 

Request DefaultHttpRequest(decodeResult: success, version: HTTP/1.1)
POST /session HTTP/1.1
X-Idempotency-Key: d96d1e82-27fa-4564-a24c-c3e25c45415c
User-Agent: appium/8.4.0 (selenium/4.8.3 (java mac))
Content-Length: 422
Content-Type: application/json; charset=utf-8
host: 127.0.0.1:4723
accept: */*

Response DefaultHttpResponse(decodeResult: success, version: HTTP/1.1)
HTTP/1.1 200 OK
X-Powered-By: Express
Vary: X-HTTP-Method-Override
Content-Type: application/json; charset=utf-8
Content-Length: 1005
ETag: W/"3ed-CGj8bKaBGuA8Xw+9qTmhHIVq1VM"
Date: Fri, 27 Mar 2026 19:47:52 GMT
Connection: keep-alive
Keep-Alive: timeout=600

01:17:52.835 [AsyncHttpClient-1-2] DEBUG org.asynchttpclient.netty.channel.ChannelManager - Adding key: http://127.0.0.1:4723 for channel [id: 0xf10b9492, L:/127.0.0.1:53379 - R:/127.0.0.1:4723]
01:17:52.889 [AsyncHttpClient-1-1] DEBUG org.asynchttpclient.netty.channel.DefaultChannelPool - Entry count for : http://127.0.0.1:4723 : 1
01:17:53.991 [AsyncHttpClient-1-1] DEBUG org.asynchttpclient.netty.channel.DefaultChannelPool - Entry count for : http://127.0.0.1:4723 : 1
01:17:55.094 [AsyncHttpClient-1-1] DEBUG org.asynchttpclient.netty.channel.DefaultChannelPool - Entry count for : http://127.0.0.1:4723 : 1
01:17:56.194 [AsyncHttpClient-1-1] DEBUG org.asynchttpclient.netty.channel.DefaultChannelPool - Entry count for : http://127.0.0.1:4723 : 1
01:17:57.291 [AsyncHttpClient-1-1] DEBUG org.asynchttpclient.netty.channel.DefaultChannelPool - Entry count for : http://127.0.0.1:4723 : 1
01:17:57.842 [Forwarding findElement on session dca490b3-b990-4ec1-a894-a52c04cc7bc8 to remote] DEBUG org.asynchttpclient.netty.request.NettyRequestSender - Using pooled Channel '[id: 0xf10b9492, L:/127.0.0.1:53379 - R:/127.0.0.1:4723]' for 'POST' to 'http://127.0.0.1:4723/session/dca490b3-b990-4ec1-a894-a52c04cc7bc8/element'
01:17:57.842 [Forwarding findElement on session dca490b3-b990-4ec1-a894-a52c04cc7bc8 to remote] DEBUG org.asynchttpclient.netty.request.NettyRequestSender - Using open Channel [id: 0xf10b9492, L:/127.0.0.1:53379 - R:/127.0.0.1:4723] for POST '/session/dca490b3-b990-4ec1-a894-a52c04cc7bc8/element'
01:17:57.977 [AsyncHttpClient-1-2] DEBUG org.asynchttpclient.netty.handler.HttpHandler - 

Request DefaultHttpRequest(decodeResult: success, version: HTTP/1.1)
POST /session/dca490b3-b990-4ec1-a894-a52c04cc7bc8/element HTTP/1.1
User-Agent: appium/8.4.0 (selenium/4.8.3 (java mac))
Content-Length: 212
Content-Type: application/json; charset=utf-8
host: 127.0.0.1:4723
accept: */*

Response DefaultHttpResponse(decodeResult: success, version: HTTP/1.1)
HTTP/1.1 200 OK
X-Powered-By: Express
Vary: X-HTTP-Method-Override
Content-Type: application/json; charset=utf-8
Content-Length: 137
ETag: W/"89-zMWMoaLOdkXWY8caaROdtUR8/uM"
Date: Fri, 27 Mar 2026 19:47:57 GMT
Connection: keep-alive
Keep-Alive: timeout=600

01:17:57.977 [AsyncHttpClient-1-2] DEBUG org.asynchttpclient.netty.channel.ChannelManager - Adding key: http://127.0.0.1:4723 for channel [id: 0xf10b9492, L:/127.0.0.1:53379 - R:/127.0.0.1:4723]
01:17:57.978 [Forwarding isElementDisplayed on session dca490b3-b990-4ec1-a894-a52c04cc7bc8 to remote] DEBUG org.asynchttpclient.netty.request.NettyRequestSender - Using pooled Channel '[id: 0xf10b9492, L:/127.0.0.1:53379 - R:/127.0.0.1:4723]' for 'GET' to 'http://127.0.0.1:4723/session/dca490b3-b990-4ec1-a894-a52c04cc7bc8/element/00000000-0000-00a1-0000-000c00000003/displayed'
01:17:57.978 [Forwarding isElementDisplayed on session dca490b3-b990-4ec1-a894-a52c04cc7bc8 to remote] DEBUG org.asynchttpclient.netty.request.NettyRequestSender - Using open Channel [id: 0xf10b9492, L:/127.0.0.1:53379 - R:/127.0.0.1:4723] for GET '/session/dca490b3-b990-4ec1-a894-a52c04cc7bc8/element/00000000-0000-00a1-0000-000c00000003/displayed'
01:17:57.986 [AsyncHttpClient-1-2] DEBUG org.asynchttpclient.netty.handler.HttpHandler - 

Request DefaultFullHttpRequest(decodeResult: success, version: HTTP/1.1, content: EmptyByteBufBE)
GET /session/dca490b3-b990-4ec1-a894-a52c04cc7bc8/element/00000000-0000-00a1-0000-000c00000003/displayed HTTP/1.1
User-Agent: appium/8.4.0 (selenium/4.8.3 (java mac))
Cache-Control: no-cache
Content-Type: application/json; charset=utf-8
host: 127.0.0.1:4723
accept: */*

Response DefaultHttpResponse(decodeResult: success, version: HTTP/1.1)
HTTP/1.1 200 OK
X-Powered-By: Express
Content-Type: application/json; charset=utf-8
Content-Length: 14
ETag: W/"e-2ZHvAWebNQpyjGZTg6uyV8/spTo"
Date: Fri, 27 Mar 2026 19:47:57 GMT
Connection: keep-alive
Keep-Alive: timeout=600

01:17:57.986 [AsyncHttpClient-1-2] DEBUG org.asynchttpclient.netty.channel.ChannelManager - Adding key: http://127.0.0.1:4723 for channel [id: 0xf10b9492, L:/127.0.0.1:53379 - R:/127.0.0.1:4723]
01:17:57.987 [Forwarding findElement on session dca490b3-b990-4ec1-a894-a52c04cc7bc8 to remote] DEBUG org.asynchttpclient.netty.request.NettyRequestSender - Using pooled Channel '[id: 0xf10b9492, L:/127.0.0.1:53379 - R:/127.0.0.1:4723]' for 'POST' to 'http://127.0.0.1:4723/session/dca490b3-b990-4ec1-a894-a52c04cc7bc8/element'
01:17:57.987 [Forwarding findElement on session dca490b3-b990-4ec1-a894-a52c04cc7bc8 to remote] DEBUG org.asynchttpclient.netty.request.NettyRequestSender - Using open Channel [id: 0xf10b9492, L:/127.0.0.1:53379 - R:/127.0.0.1:4723] for POST '/session/dca490b3-b990-4ec1-a894-a52c04cc7bc8/element'
01:17:58.008 [AsyncHttpClient-1-2] DEBUG org.asynchttpclient.netty.handler.HttpHandler - 

Request DefaultHttpRequest(decodeResult: success, version: HTTP/1.1)
POST /session/dca490b3-b990-4ec1-a894-a52c04cc7bc8/element HTTP/1.1
User-Agent: appium/8.4.0 (selenium/4.8.3 (java mac))
Content-Length: 726
Content-Type: application/json; charset=utf-8
host: 127.0.0.1:4723
accept: */*

Response DefaultHttpResponse(decodeResult: success, version: HTTP/1.1)
HTTP/1.1 200 OK
X-Powered-By: Express
Vary: X-HTTP-Method-Override
Content-Type: application/json; charset=utf-8
Content-Length: 137
ETag: W/"89-oaiDLDnyKKGYHONVEgN4RwmJj/c"
Date: Fri, 27 Mar 2026 19:47:58 GMT
Connection: keep-alive
Keep-Alive: timeout=600

01:17:58.008 [AsyncHttpClient-1-2] DEBUG org.asynchttpclient.netty.channel.ChannelManager - Adding key: http://127.0.0.1:4723 for channel [id: 0xf10b9492, L:/127.0.0.1:53379 - R:/127.0.0.1:4723]
01:17:58.009 [Forwarding isElementDisplayed on session dca490b3-b990-4ec1-a894-a52c04cc7bc8 to remote] DEBUG org.asynchttpclient.netty.request.NettyRequestSender - Using pooled Channel '[id: 0xf10b9492, L:/127.0.0.1:53379 - R:/127.0.0.1:4723]' for 'GET' to 'http://127.0.0.1:4723/session/dca490b3-b990-4ec1-a894-a52c04cc7bc8/element/00000000-0000-00a1-0000-000d00000003/displayed'
01:17:58.009 [Forwarding isElementDisplayed on session dca490b3-b990-4ec1-a894-a52c04cc7bc8 to remote] DEBUG org.asynchttpclient.netty.request.NettyRequestSender - Using open Channel [id: 0xf10b9492, L:/127.0.0.1:53379 - R:/127.0.0.1:4723] for GET '/session/dca490b3-b990-4ec1-a894-a52c04cc7bc8/element/00000000-0000-00a1-0000-000d00000003/displayed'
01:17:58.018 [AsyncHttpClient-1-2] DEBUG org.asynchttpclient.netty.handler.HttpHandler - 

Request DefaultFullHttpRequest(decodeResult: success, version: HTTP/1.1, content: EmptyByteBufBE)
GET /session/dca490b3-b990-4ec1-a894-a52c04cc7bc8/element/00000000-0000-00a1-0000-000d00000003/displayed HTTP/1.1
User-Agent: appium/8.4.0 (selenium/4.8.3 (java mac))
Cache-Control: no-cache
Content-Type: application/json; charset=utf-8
host: 127.0.0.1:4723
accept: */*

Response DefaultHttpResponse(decodeResult: success, version: HTTP/1.1)
HTTP/1.1 200 OK
X-Powered-By: Express
Content-Type: application/json; charset=utf-8
Content-Length: 14
ETag: W/"e-2ZHvAWebNQpyjGZTg6uyV8/spTo"
Date: Fri, 27 Mar 2026 19:47:58 GMT
Connection: keep-alive
Keep-Alive: timeout=600

01:17:58.018 [AsyncHttpClient-1-2] DEBUG org.asynchttpclient.netty.channel.ChannelManager - Adding key: http://127.0.0.1:4723 for channel [id: 0xf10b9492, L:/127.0.0.1:53379 - R:/127.0.0.1:4723]
01:17:58.018 [Forwarding isElementEnabled on session dca490b3-b990-4ec1-a894-a52c04cc7bc8 to remote] DEBUG org.asynchttpclient.netty.request.NettyRequestSender - Using pooled Channel '[id: 0xf10b9492, L:/127.0.0.1:53379 - R:/127.0.0.1:4723]' for 'GET' to 'http://127.0.0.1:4723/session/dca490b3-b990-4ec1-a894-a52c04cc7bc8/element/00000000-0000-00a1-0000-000d00000003/enabled'
01:17:58.019 [Forwarding isElementEnabled on session dca490b3-b990-4ec1-a894-a52c04cc7bc8 to remote] DEBUG org.asynchttpclient.netty.request.NettyRequestSender - Using open Channel [id: 0xf10b9492, L:/127.0.0.1:53379 - R:/127.0.0.1:4723] for GET '/session/dca490b3-b990-4ec1-a894-a52c04cc7bc8/element/00000000-0000-00a1-0000-000d00000003/enabled'
01:17:58.026 [AsyncHttpClient-1-2] DEBUG org.asynchttpclient.netty.handler.HttpHandler - 

Request DefaultFullHttpRequest(decodeResult: success, version: HTTP/1.1, content: EmptyByteBufBE)
GET /session/dca490b3-b990-4ec1-a894-a52c04cc7bc8/element/00000000-0000-00a1-0000-000d00000003/enabled HTTP/1.1
User-Agent: appium/8.4.0 (selenium/4.8.3 (java mac))
Cache-Control: no-cache
Content-Type: application/json; charset=utf-8
host: 127.0.0.1:4723
accept: */*

Response DefaultHttpResponse(decodeResult: success, version: HTTP/1.1)
HTTP/1.1 200 OK
X-Powered-By: Express
Content-Type: application/json; charset=utf-8
Content-Length: 14
ETag: W/"e-2ZHvAWebNQpyjGZTg6uyV8/spTo"
Date: Fri, 27 Mar 2026 19:47:58 GMT
Connection: keep-alive
Keep-Alive: timeout=600

01:17:58.026 [AsyncHttpClient-1-2] DEBUG org.asynchttpclient.netty.channel.ChannelManager - Adding key: http://127.0.0.1:4723 for channel [id: 0xf10b9492, L:/127.0.0.1:53379 - R:/127.0.0.1:4723]
01:17:58.026 [Forwarding clickElement on session dca490b3-b990-4ec1-a894-a52c04cc7bc8 to remote] DEBUG org.asynchttpclient.netty.request.NettyRequestSender - Using pooled Channel '[id: 0xf10b9492, L:/127.0.0.1:53379 - R:/127.0.0.1:4723]' for 'POST' to 'http://127.0.0.1:4723/session/dca490b3-b990-4ec1-a894-a52c04cc7bc8/element/00000000-0000-00a1-0000-000d00000003/click'
01:17:58.026 [Forwarding clickElement on session dca490b3-b990-4ec1-a894-a52c04cc7bc8 to remote] DEBUG org.asynchttpclient.netty.request.NettyRequestSender - Using open Channel [id: 0xf10b9492, L:/127.0.0.1:53379 - R:/127.0.0.1:4723] for POST '/session/dca490b3-b990-4ec1-a894-a52c04cc7bc8/element/00000000-0000-00a1-0000-000d00000003/click'
01:17:58.719 [AsyncHttpClient-1-2] DEBUG org.asynchttpclient.netty.handler.HttpHandler - 

Request DefaultHttpRequest(decodeResult: success, version: HTTP/1.1)
POST /session/dca490b3-b990-4ec1-a894-a52c04cc7bc8/element/00000000-0000-00a1-0000-000d00000003/click HTTP/1.1
User-Agent: appium/8.4.0 (selenium/4.8.3 (java mac))
Content-Length: 50
Content-Type: application/json; charset=utf-8
host: 127.0.0.1:4723
accept: */*

Response DefaultHttpResponse(decodeResult: success, version: HTTP/1.1)
HTTP/1.1 200 OK
X-Powered-By: Express
Vary: X-HTTP-Method-Override
Content-Type: application/json; charset=utf-8
Content-Length: 14
ETag: W/"e-9/1BuKMgFObM1mWJm+YjxtXJnUM"
Date: Fri, 27 Mar 2026 19:47:58 GMT
Connection: keep-alive
Keep-Alive: timeout=600

01:17:58.719 [AsyncHttpClient-1-2] DEBUG org.asynchttpclient.netty.channel.ChannelManager - Adding key: http://127.0.0.1:4723 for channel [id: 0xf10b9492, L:/127.0.0.1:53379 - R:/127.0.0.1:4723]
01:17:58.726 [Forwarding findElement on session dca490b3-b990-4ec1-a894-a52c04cc7bc8 to remote] DEBUG org.asynchttpclient.netty.request.NettyRequestSender - Using pooled Channel '[id: 0xf10b9492, L:/127.0.0.1:53379 - R:/127.0.0.1:4723]' for 'POST' to 'http://127.0.0.1:4723/session/dca490b3-b990-4ec1-a894-a52c04cc7bc8/element'
01:17:58.726 [Forwarding findElement on session dca490b3-b990-4ec1-a894-a52c04cc7bc8 to remote] DEBUG org.asynchttpclient.netty.request.NettyRequestSender - Using open Channel [id: 0xf10b9492, L:/127.0.0.1:53379 - R:/127.0.0.1:4723] for POST '/session/dca490b3-b990-4ec1-a894-a52c04cc7bc8/element'
01:17:58.746 [AsyncHttpClient-1-2] DEBUG org.asynchttpclient.netty.handler.HttpHandler - 

Request DefaultHttpRequest(decodeResult: success, version: HTTP/1.1)
POST /session/dca490b3-b990-4ec1-a894-a52c04cc7bc8/element HTTP/1.1
User-Agent: appium/8.4.0 (selenium/4.8.3 (java mac))
Content-Length: 71
Content-Type: application/json; charset=utf-8
host: 127.0.0.1:4723
accept: */*

Response DefaultHttpResponse(decodeResult: success, version: HTTP/1.1)
HTTP/1.1 404 Not Found
X-Powered-By: Express
Vary: X-HTTP-Method-Override
Content-Type: application/json; charset=utf-8
Content-Length: 856
ETag: W/"358-zfZUYgt7dUCVDfQ0tJRZME97dK0"
Date: Fri, 27 Mar 2026 19:47:58 GMT
Connection: keep-alive
Keep-Alive: timeout=600

01:17:58.746 [AsyncHttpClient-1-2] DEBUG org.asynchttpclient.netty.channel.ChannelManager - Adding key: http://127.0.0.1:4723 for channel [id: 0xf10b9492, L:/127.0.0.1:53379 - R:/127.0.0.1:4723]
01:17:59.253 [Forwarding findElement on session dca490b3-b990-4ec1-a894-a52c04cc7bc8 to remote] DEBUG org.asynchttpclient.netty.request.NettyRequestSender - Using pooled Channel '[id: 0xf10b9492, L:/127.0.0.1:53379 - R:/127.0.0.1:4723]' for 'POST' to 'http://127.0.0.1:4723/session/dca490b3-b990-4ec1-a894-a52c04cc7bc8/element'
01:17:59.253 [Forwarding findElement on session dca490b3-b990-4ec1-a894-a52c04cc7bc8 to remote] DEBUG org.asynchttpclient.netty.request.NettyRequestSender - Using open Channel [id: 0xf10b9492, L:/127.0.0.1:53379 - R:/127.0.0.1:4723] for POST '/session/dca490b3-b990-4ec1-a894-a52c04cc7bc8/element'
01:17:59.270 [AsyncHttpClient-1-2] DEBUG org.asynchttpclient.netty.handler.HttpHandler - 

Request DefaultHttpRequest(decodeResult: success, version: HTTP/1.1)
POST /session/dca490b3-b990-4ec1-a894-a52c04cc7bc8/element HTTP/1.1
User-Agent: appium/8.4.0 (selenium/4.8.3 (java mac))
Content-Length: 71
Content-Type: application/json; charset=utf-8
host: 127.0.0.1:4723
accept: */*

Response DefaultHttpResponse(decodeResult: success, version: HTTP/1.1)
HTTP/1.1 404 Not Found
X-Powered-By: Express
Vary: X-HTTP-Method-Override
Content-Type: application/json; charset=utf-8
Content-Length: 856
ETag: W/"358-zfZUYgt7dUCVDfQ0tJRZME97dK0"
Date: Fri, 27 Mar 2026 19:47:59 GMT
Connection: keep-alive
Keep-Alive: timeout=600

01:17:59.270 [AsyncHttpClient-1-2] DEBUG org.asynchttpclient.netty.channel.ChannelManager - Adding key: http://127.0.0.1:4723 for channel [id: 0xf10b9492, L:/127.0.0.1:53379 - R:/127.0.0.1:4723]
01:17:59.493 [AsyncHttpClient-1-1] DEBUG org.asynchttpclient.netty.channel.DefaultChannelPool - Entry count for : http://127.0.0.1:4723 : 1
01:17:59.775 [Forwarding findElement on session dca490b3-b990-4ec1-a894-a52c04cc7bc8 to remote] DEBUG org.asynchttpclient.netty.request.NettyRequestSender - Using pooled Channel '[id: 0xf10b9492, L:/127.0.0.1:53379 - R:/127.0.0.1:4723]' for 'POST' to 'http://127.0.0.1:4723/session/dca490b3-b990-4ec1-a894-a52c04cc7bc8/element'
01:17:59.775 [Forwarding findElement on session dca490b3-b990-4ec1-a894-a52c04cc7bc8 to remote] DEBUG org.asynchttpclient.netty.request.NettyRequestSender - Using open Channel [id: 0xf10b9492, L:/127.0.0.1:53379 - R:/127.0.0.1:4723] for POST '/session/dca490b3-b990-4ec1-a894-a52c04cc7bc8/element'
01:17:59.791 [AsyncHttpClient-1-2] DEBUG org.asynchttpclient.netty.handler.HttpHandler - 

Request DefaultHttpRequest(decodeResult: success, version: HTTP/1.1)
POST /session/dca490b3-b990-4ec1-a894-a52c04cc7bc8/element HTTP/1.1
User-Agent: appium/8.4.0 (selenium/4.8.3 (java mac))
Content-Length: 71
Content-Type: application/json; charset=utf-8
host: 127.0.0.1:4723
accept: */*

Response DefaultHttpResponse(decodeResult: success, version: HTTP/1.1)
HTTP/1.1 404 Not Found
X-Powered-By: Express
Vary: X-HTTP-Method-Override
Content-Type: application/json; charset=utf-8
Content-Length: 856
ETag: W/"358-zfZUYgt7dUCVDfQ0tJRZME97dK0"
Date: Fri, 27 Mar 2026 19:47:59 GMT
Connection: keep-alive
Keep-Alive: timeout=600

01:17:59.791 [AsyncHttpClient-1-2] DEBUG org.asynchttpclient.netty.channel.ChannelManager - Adding key: http://127.0.0.1:4723 for channel [id: 0xf10b9492, L:/127.0.0.1:53379 - R:/127.0.0.1:4723]
01:18:00.294 [Forwarding findElement on session dca490b3-b990-4ec1-a894-a52c04cc7bc8 to remote] DEBUG org.asynchttpclient.netty.request.NettyRequestSender - Using pooled Channel '[id: 0xf10b9492, L:/127.0.0.1:53379 - R:/127.0.0.1:4723]' for 'POST' to 'http://127.0.0.1:4723/session/dca490b3-b990-4ec1-a894-a52c04cc7bc8/element'
01:18:00.295 [Forwarding findElement on session dca490b3-b990-4ec1-a894-a52c04cc7bc8 to remote] DEBUG org.asynchttpclient.netty.request.NettyRequestSender - Using open Channel [id: 0xf10b9492, L:/127.0.0.1:53379 - R:/127.0.0.1:4723] for POST '/session/dca490b3-b990-4ec1-a894-a52c04cc7bc8/element'
01:18:00.310 [AsyncHttpClient-1-2] DEBUG org.asynchttpclient.netty.handler.HttpHandler - 

Request DefaultHttpRequest(decodeResult: success, version: HTTP/1.1)
POST /session/dca490b3-b990-4ec1-a894-a52c04cc7bc8/element HTTP/1.1
User-Agent: appium/8.4.0 (selenium/4.8.3 (java mac))
Content-Length: 71
Content-Type: application/json; charset=utf-8
host: 127.0.0.1:4723
accept: */*

Response DefaultHttpResponse(decodeResult: success, version: HTTP/1.1)
HTTP/1.1 404 Not Found
X-Powered-By: Express
Vary: X-HTTP-Method-Override
Content-Type: application/json; charset=utf-8
Content-Length: 856
ETag: W/"358-zfZUYgt7dUCVDfQ0tJRZME97dK0"
Date: Fri, 27 Mar 2026 19:48:00 GMT
Connection: keep-alive
Keep-Alive: timeout=600

01:18:00.310 [AsyncHttpClient-1-2] DEBUG org.asynchttpclient.netty.channel.ChannelManager - Adding key: http://127.0.0.1:4723 for channel [id: 0xf10b9492, L:/127.0.0.1:53379 - R:/127.0.0.1:4723]
01:18:00.591 [AsyncHttpClient-1-1] DEBUG org.asynchttpclient.netty.channel.DefaultChannelPool - Entry count for : http://127.0.0.1:4723 : 1
01:18:00.817 [Forwarding findElement on session dca490b3-b990-4ec1-a894-a52c04cc7bc8 to remote] DEBUG org.asynchttpclient.netty.request.NettyRequestSender - Using pooled Channel '[id: 0xf10b9492, L:/127.0.0.1:53379 - R:/127.0.0.1:4723]' for 'POST' to 'http://127.0.0.1:4723/session/dca490b3-b990-4ec1-a894-a52c04cc7bc8/element'
01:18:00.817 [Forwarding findElement on session dca490b3-b990-4ec1-a894-a52c04cc7bc8 to remote] DEBUG org.asynchttpclient.netty.request.NettyRequestSender - Using open Channel [id: 0xf10b9492, L:/127.0.0.1:53379 - R:/127.0.0.1:4723] for POST '/session/dca490b3-b990-4ec1-a894-a52c04cc7bc8/element'
01:18:00.834 [AsyncHttpClient-1-2] DEBUG org.asynchttpclient.netty.handler.HttpHandler - 

Request DefaultHttpRequest(decodeResult: success, version: HTTP/1.1)
POST /session/dca490b3-b990-4ec1-a894-a52c04cc7bc8/element HTTP/1.1
User-Agent: appium/8.4.0 (selenium/4.8.3 (java mac))
Content-Length: 71
Content-Type: application/json; charset=utf-8
host: 127.0.0.1:4723
accept: */*

Response DefaultHttpResponse(decodeResult: success, version: HTTP/1.1)
HTTP/1.1 404 Not Found
X-Powered-By: Express
Vary: X-HTTP-Method-Override
Content-Type: application/json; charset=utf-8
Content-Length: 856
ETag: W/"358-zfZUYgt7dUCVDfQ0tJRZME97dK0"
Date: Fri, 27 Mar 2026 19:48:00 GMT
Connection: keep-alive
Keep-Alive: timeout=600

01:18:00.834 [AsyncHttpClient-1-2] DEBUG org.asynchttpclient.netty.channel.ChannelManager - Adding key: http://127.0.0.1:4723 for channel [id: 0xf10b9492, L:/127.0.0.1:53379 - R:/127.0.0.1:4723]
01:18:01.340 [Forwarding findElement on session dca490b3-b990-4ec1-a894-a52c04cc7bc8 to remote] DEBUG org.asynchttpclient.netty.request.NettyRequestSender - Using pooled Channel '[id: 0xf10b9492, L:/127.0.0.1:53379 - R:/127.0.0.1:4723]' for 'POST' to 'http://127.0.0.1:4723/session/dca490b3-b990-4ec1-a894-a52c04cc7bc8/element'
01:18:01.340 [Forwarding findElement on session dca490b3-b990-4ec1-a894-a52c04cc7bc8 to remote] DEBUG org.asynchttpclient.netty.request.NettyRequestSender - Using open Channel [id: 0xf10b9492, L:/127.0.0.1:53379 - R:/127.0.0.1:4723] for POST '/session/dca490b3-b990-4ec1-a894-a52c04cc7bc8/element'
01:18:01.356 [AsyncHttpClient-1-2] DEBUG org.asynchttpclient.netty.handler.HttpHandler - 

Request DefaultHttpRequest(decodeResult: success, version: HTTP/1.1)
POST /session/dca490b3-b990-4ec1-a894-a52c04cc7bc8/element HTTP/1.1
User-Agent: appium/8.4.0 (selenium/4.8.3 (java mac))
Content-Length: 71
Content-Type: application/json; charset=utf-8
host: 127.0.0.1:4723
accept: */*

Response DefaultHttpResponse(decodeResult: success, version: HTTP/1.1)
HTTP/1.1 404 Not Found
X-Powered-By: Express
Vary: X-HTTP-Method-Override
Content-Type: application/json; charset=utf-8
Content-Length: 856
ETag: W/"358-zfZUYgt7dUCVDfQ0tJRZME97dK0"
Date: Fri, 27 Mar 2026 19:48:01 GMT
Connection: keep-alive
Keep-Alive: timeout=600

01:18:01.356 [AsyncHttpClient-1-2] DEBUG org.asynchttpclient.netty.channel.ChannelManager - Adding key: http://127.0.0.1:4723 for channel [id: 0xf10b9492, L:/127.0.0.1:53379 - R:/127.0.0.1:4723]
01:18:01.692 [AsyncHttpClient-1-1] DEBUG org.asynchttpclient.netty.channel.DefaultChannelPool - Entry count for : http://127.0.0.1:4723 : 1
01:18:01.859 [Forwarding findElement on session dca490b3-b990-4ec1-a894-a52c04cc7bc8 to remote] DEBUG org.asynchttpclient.netty.request.NettyRequestSender - Using pooled Channel '[id: 0xf10b9492, L:/127.0.0.1:53379 - R:/127.0.0.1:4723]' for 'POST' to 'http://127.0.0.1:4723/session/dca490b3-b990-4ec1-a894-a52c04cc7bc8/element'
01:18:01.859 [Forwarding findElement on session dca490b3-b990-4ec1-a894-a52c04cc7bc8 to remote] DEBUG org.asynchttpclient.netty.request.NettyRequestSender - Using open Channel [id: 0xf10b9492, L:/127.0.0.1:53379 - R:/127.0.0.1:4723] for POST '/session/dca490b3-b990-4ec1-a894-a52c04cc7bc8/element'
01:18:01.875 [AsyncHttpClient-1-2] DEBUG org.asynchttpclient.netty.handler.HttpHandler - 

Request DefaultHttpRequest(decodeResult: success, version: HTTP/1.1)
POST /session/dca490b3-b990-4ec1-a894-a52c04cc7bc8/element HTTP/1.1
User-Agent: appium/8.4.0 (selenium/4.8.3 (java mac))
Content-Length: 71
Content-Type: application/json; charset=utf-8
host: 127.0.0.1:4723
accept: */*

Response DefaultHttpResponse(decodeResult: success, version: HTTP/1.1)
HTTP/1.1 404 Not Found
X-Powered-By: Express
Vary: X-HTTP-Method-Override
Content-Type: application/json; charset=utf-8
Content-Length: 856
ETag: W/"358-zfZUYgt7dUCVDfQ0tJRZME97dK0"
Date: Fri, 27 Mar 2026 19:48:01 GMT
Connection: keep-alive
Keep-Alive: timeout=600

01:18:01.875 [AsyncHttpClient-1-2] DEBUG org.asynchttpclient.netty.channel.ChannelManager - Adding key: http://127.0.0.1:4723 for channel [id: 0xf10b9492, L:/127.0.0.1:53379 - R:/127.0.0.1:4723]
01:18:02.383 [Forwarding findElement on session dca490b3-b990-4ec1-a894-a52c04cc7bc8 to remote] DEBUG org.asynchttpclient.netty.request.NettyRequestSender - Using pooled Channel '[id: 0xf10b9492, L:/127.0.0.1:53379 - R:/127.0.0.1:4723]' for 'POST' to 'http://127.0.0.1:4723/session/dca490b3-b990-4ec1-a894-a52c04cc7bc8/element'
01:18:02.383 [Forwarding findElement on session dca490b3-b990-4ec1-a894-a52c04cc7bc8 to remote] DEBUG org.asynchttpclient.netty.request.NettyRequestSender - Using open Channel [id: 0xf10b9492, L:/127.0.0.1:53379 - R:/127.0.0.1:4723] for POST '/session/dca490b3-b990-4ec1-a894-a52c04cc7bc8/element'
01:18:02.397 [AsyncHttpClient-1-2] DEBUG org.asynchttpclient.netty.handler.HttpHandler - 

Request DefaultHttpRequest(decodeResult: success, version: HTTP/1.1)
POST /session/dca490b3-b990-4ec1-a894-a52c04cc7bc8/element HTTP/1.1
User-Agent: appium/8.4.0 (selenium/4.8.3 (java mac))
Content-Length: 71
Content-Type: application/json; charset=utf-8
host: 127.0.0.1:4723
accept: */*

Response DefaultHttpResponse(decodeResult: success, version: HTTP/1.1)
HTTP/1.1 404 Not Found
X-Powered-By: Express
Vary: X-HTTP-Method-Override
Content-Type: application/json; charset=utf-8
Content-Length: 856
ETag: W/"358-zfZUYgt7dUCVDfQ0tJRZME97dK0"
Date: Fri, 27 Mar 2026 19:48:02 GMT
Connection: keep-alive
Keep-Alive: timeout=600

01:18:02.398 [AsyncHttpClient-1-2] DEBUG org.asynchttpclient.netty.channel.ChannelManager - Adding key: http://127.0.0.1:4723 for channel [id: 0xf10b9492, L:/127.0.0.1:53379 - R:/127.0.0.1:4723]
01:18:02.794 [AsyncHttpClient-1-1] DEBUG org.asynchttpclient.netty.channel.DefaultChannelPool - Entry count for : http://127.0.0.1:4723 : 1
01:18:02.904 [Forwarding findElement on session dca490b3-b990-4ec1-a894-a52c04cc7bc8 to remote] DEBUG org.asynchttpclient.netty.request.NettyRequestSender - Using pooled Channel '[id: 0xf10b9492, L:/127.0.0.1:53379 - R:/127.0.0.1:4723]' for 'POST' to 'http://127.0.0.1:4723/session/dca490b3-b990-4ec1-a894-a52c04cc7bc8/element'
01:18:02.904 [Forwarding findElement on session dca490b3-b990-4ec1-a894-a52c04cc7bc8 to remote] DEBUG org.asynchttpclient.netty.request.NettyRequestSender - Using open Channel [id: 0xf10b9492, L:/127.0.0.1:53379 - R:/127.0.0.1:4723] for POST '/session/dca490b3-b990-4ec1-a894-a52c04cc7bc8/element'
01:18:02.918 [AsyncHttpClient-1-2] DEBUG org.asynchttpclient.netty.handler.HttpHandler - 

Request DefaultHttpRequest(decodeResult: success, version: HTTP/1.1)
POST /session/dca490b3-b990-4ec1-a894-a52c04cc7bc8/element HTTP/1.1
User-Agent: appium/8.4.0 (selenium/4.8.3 (java mac))
Content-Length: 71
Content-Type: application/json; charset=utf-8
host: 127.0.0.1:4723
accept: */*

Response DefaultHttpResponse(decodeResult: success, version: HTTP/1.1)
HTTP/1.1 404 Not Found
X-Powered-By: Express
Vary: X-HTTP-Method-Override
Content-Type: application/json; charset=utf-8
Content-Length: 856
ETag: W/"358-zfZUYgt7dUCVDfQ0tJRZME97dK0"
Date: Fri, 27 Mar 2026 19:48:02 GMT
Connection: keep-alive
Keep-Alive: timeout=600

01:18:02.918 [AsyncHttpClient-1-2] DEBUG org.asynchttpclient.netty.channel.ChannelManager - Adding key: http://127.0.0.1:4723 for channel [id: 0xf10b9492, L:/127.0.0.1:53379 - R:/127.0.0.1:4723]
01:18:03.425 [Forwarding findElement on session dca490b3-b990-4ec1-a894-a52c04cc7bc8 to remote] DEBUG org.asynchttpclient.netty.request.NettyRequestSender - Using pooled Channel '[id: 0xf10b9492, L:/127.0.0.1:53379 - R:/127.0.0.1:4723]' for 'POST' to 'http://127.0.0.1:4723/session/dca490b3-b990-4ec1-a894-a52c04cc7bc8/element'
01:18:03.425 [Forwarding findElement on session dca490b3-b990-4ec1-a894-a52c04cc7bc8 to remote] DEBUG org.asynchttpclient.netty.request.NettyRequestSender - Using open Channel [id: 0xf10b9492, L:/127.0.0.1:53379 - R:/127.0.0.1:4723] for POST '/session/dca490b3-b990-4ec1-a894-a52c04cc7bc8/element'
01:18:03.439 [AsyncHttpClient-1-2] DEBUG org.asynchttpclient.netty.handler.HttpHandler - 

Request DefaultHttpRequest(decodeResult: success, version: HTTP/1.1)
POST /session/dca490b3-b990-4ec1-a894-a52c04cc7bc8/element HTTP/1.1
User-Agent: appium/8.4.0 (selenium/4.8.3 (java mac))
Content-Length: 71
Content-Type: application/json; charset=utf-8
host: 127.0.0.1:4723
accept: */*

Response DefaultHttpResponse(decodeResult: success, version: HTTP/1.1)
HTTP/1.1 404 Not Found
X-Powered-By: Express
Vary: X-HTTP-Method-Override
Content-Type: application/json; charset=utf-8
Content-Length: 856
ETag: W/"358-zfZUYgt7dUCVDfQ0tJRZME97dK0"
Date: Fri, 27 Mar 2026 19:48:03 GMT
Connection: keep-alive
Keep-Alive: timeout=600

01:18:03.439 [AsyncHttpClient-1-2] DEBUG org.asynchttpclient.netty.channel.ChannelManager - Adding key: http://127.0.0.1:4723 for channel [id: 0xf10b9492, L:/127.0.0.1:53379 - R:/127.0.0.1:4723]
01:18:03.894 [AsyncHttpClient-1-1] DEBUG org.asynchttpclient.netty.channel.DefaultChannelPool - Entry count for : http://127.0.0.1:4723 : 1
01:18:03.945 [Forwarding findElement on session dca490b3-b990-4ec1-a894-a52c04cc7bc8 to remote] DEBUG org.asynchttpclient.netty.request.NettyRequestSender - Using pooled Channel '[id: 0xf10b9492, L:/127.0.0.1:53379 - R:/127.0.0.1:4723]' for 'POST' to 'http://127.0.0.1:4723/session/dca490b3-b990-4ec1-a894-a52c04cc7bc8/element'
01:18:03.945 [Forwarding findElement on session dca490b3-b990-4ec1-a894-a52c04cc7bc8 to remote] DEBUG org.asynchttpclient.netty.request.NettyRequestSender - Using open Channel [id: 0xf10b9492, L:/127.0.0.1:53379 - R:/127.0.0.1:4723] for POST '/session/dca490b3-b990-4ec1-a894-a52c04cc7bc8/element'
01:18:03.959 [AsyncHttpClient-1-2] DEBUG org.asynchttpclient.netty.handler.HttpHandler - 

Request DefaultHttpRequest(decodeResult: success, version: HTTP/1.1)
POST /session/dca490b3-b990-4ec1-a894-a52c04cc7bc8/element HTTP/1.1
User-Agent: appium/8.4.0 (selenium/4.8.3 (java mac))
Content-Length: 71
Content-Type: application/json; charset=utf-8
host: 127.0.0.1:4723
accept: */*

Response DefaultHttpResponse(decodeResult: success, version: HTTP/1.1)
HTTP/1.1 404 Not Found
X-Powered-By: Express
Vary: X-HTTP-Method-Override
Content-Type: application/json; charset=utf-8
Content-Length: 856
ETag: W/"358-zfZUYgt7dUCVDfQ0tJRZME97dK0"
Date: Fri, 27 Mar 2026 19:48:03 GMT
Connection: keep-alive
Keep-Alive: timeout=600

01:18:03.961 [AsyncHttpClient-1-2] DEBUG org.asynchttpclient.netty.channel.ChannelManager - Adding key: http://127.0.0.1:4723 for channel [id: 0xf10b9492, L:/127.0.0.1:53379 - R:/127.0.0.1:4723]
01:18:04.468 [Forwarding findElement on session dca490b3-b990-4ec1-a894-a52c04cc7bc8 to remote] DEBUG org.asynchttpclient.netty.request.NettyRequestSender - Using pooled Channel '[id: 0xf10b9492, L:/127.0.0.1:53379 - R:/127.0.0.1:4723]' for 'POST' to 'http://127.0.0.1:4723/session/dca490b3-b990-4ec1-a894-a52c04cc7bc8/element'
01:18:04.468 [Forwarding findElement on session dca490b3-b990-4ec1-a894-a52c04cc7bc8 to remote] DEBUG org.asynchttpclient.netty.request.NettyRequestSender - Using open Channel [id: 0xf10b9492, L:/127.0.0.1:53379 - R:/127.0.0.1:4723] for POST '/session/dca490b3-b990-4ec1-a894-a52c04cc7bc8/element'
01:18:04.482 [AsyncHttpClient-1-2] DEBUG org.asynchttpclient.netty.handler.HttpHandler - 

Request DefaultHttpRequest(decodeResult: success, version: HTTP/1.1)
POST /session/dca490b3-b990-4ec1-a894-a52c04cc7bc8/element HTTP/1.1
User-Agent: appium/8.4.0 (selenium/4.8.3 (java mac))
Content-Length: 71
Content-Type: application/json; charset=utf-8
host: 127.0.0.1:4723
accept: */*

Response DefaultHttpResponse(decodeResult: success, version: HTTP/1.1)
HTTP/1.1 404 Not Found
X-Powered-By: Express
Vary: X-HTTP-Method-Override
Content-Type: application/json; charset=utf-8
Content-Length: 856
ETag: W/"358-zfZUYgt7dUCVDfQ0tJRZME97dK0"
Date: Fri, 27 Mar 2026 19:48:04 GMT
Connection: keep-alive
Keep-Alive: timeout=600

01:18:04.483 [AsyncHttpClient-1-2] DEBUG org.asynchttpclient.netty.channel.ChannelManager - Adding key: http://127.0.0.1:4723 for channel [id: 0xf10b9492, L:/127.0.0.1:53379 - R:/127.0.0.1:4723]
01:18:04.989 [Forwarding findElement on session dca490b3-b990-4ec1-a894-a52c04cc7bc8 to remote] DEBUG org.asynchttpclient.netty.request.NettyRequestSender - Using pooled Channel '[id: 0xf10b9492, L:/127.0.0.1:53379 - R:/127.0.0.1:4723]' for 'POST' to 'http://127.0.0.1:4723/session/dca490b3-b990-4ec1-a894-a52c04cc7bc8/element'
01:18:04.989 [Forwarding findElement on session dca490b3-b990-4ec1-a894-a52c04cc7bc8 to remote] DEBUG org.asynchttpclient.netty.request.NettyRequestSender - Using open Channel [id: 0xf10b9492, L:/127.0.0.1:53379 - R:/127.0.0.1:4723] for POST '/session/dca490b3-b990-4ec1-a894-a52c04cc7bc8/element'
01:18:05.003 [AsyncHttpClient-1-2] DEBUG org.asynchttpclient.netty.handler.HttpHandler - 

Request DefaultHttpRequest(decodeResult: success, version: HTTP/1.1)
POST /session/dca490b3-b990-4ec1-a894-a52c04cc7bc8/element HTTP/1.1
User-Agent: appium/8.4.0 (selenium/4.8.3 (java mac))
Content-Length: 71
Content-Type: application/json; charset=utf-8
host: 127.0.0.1:4723
accept: */*

Response DefaultHttpResponse(decodeResult: success, version: HTTP/1.1)
HTTP/1.1 404 Not Found
X-Powered-By: Express
Vary: X-HTTP-Method-Override
Content-Type: application/json; charset=utf-8
Content-Length: 856
ETag: W/"358-zfZUYgt7dUCVDfQ0tJRZME97dK0"
Date: Fri, 27 Mar 2026 19:48:05 GMT
Connection: keep-alive
Keep-Alive: timeout=600

01:18:05.004 [AsyncHttpClient-1-2] DEBUG org.asynchttpclient.netty.channel.ChannelManager - Adding key: http://127.0.0.1:4723 for channel [id: 0xf10b9492, L:/127.0.0.1:53379 - R:/127.0.0.1:4723]
01:18:05.508 [Forwarding findElement on session dca490b3-b990-4ec1-a894-a52c04cc7bc8 to remote] DEBUG org.asynchttpclient.netty.request.NettyRequestSender - Using pooled Channel '[id: 0xf10b9492, L:/127.0.0.1:53379 - R:/127.0.0.1:4723]' for 'POST' to 'http://127.0.0.1:4723/session/dca490b3-b990-4ec1-a894-a52c04cc7bc8/element'
01:18:05.508 [Forwarding findElement on session dca490b3-b990-4ec1-a894-a52c04cc7bc8 to remote] DEBUG org.asynchttpclient.netty.request.NettyRequestSender - Using open Channel [id: 0xf10b9492, L:/127.0.0.1:53379 - R:/127.0.0.1:4723] for POST '/session/dca490b3-b990-4ec1-a894-a52c04cc7bc8/element'
01:18:05.523 [AsyncHttpClient-1-2] DEBUG org.asynchttpclient.netty.handler.HttpHandler - 

Request DefaultHttpRequest(decodeResult: success, version: HTTP/1.1)
POST /session/dca490b3-b990-4ec1-a894-a52c04cc7bc8/element HTTP/1.1
User-Agent: appium/8.4.0 (selenium/4.8.3 (java mac))
Content-Length: 71
Content-Type: application/json; charset=utf-8
host: 127.0.0.1:4723
accept: */*

Response DefaultHttpResponse(decodeResult: success, version: HTTP/1.1)
HTTP/1.1 404 Not Found
X-Powered-By: Express
Vary: X-HTTP-Method-Override
Content-Type: application/json; charset=utf-8
Content-Length: 856
ETag: W/"358-zfZUYgt7dUCVDfQ0tJRZME97dK0"
Date: Fri, 27 Mar 2026 19:48:05 GMT
Connection: keep-alive
Keep-Alive: timeout=600

01:18:05.523 [AsyncHttpClient-1-2] DEBUG org.asynchttpclient.netty.channel.ChannelManager - Adding key: http://127.0.0.1:4723 for channel [id: 0xf10b9492, L:/127.0.0.1:53379 - R:/127.0.0.1:4723]
01:18:06.025 [Forwarding findElement on session dca490b3-b990-4ec1-a894-a52c04cc7bc8 to remote] DEBUG org.asynchttpclient.netty.request.NettyRequestSender - Using pooled Channel '[id: 0xf10b9492, L:/127.0.0.1:53379 - R:/127.0.0.1:4723]' for 'POST' to 'http://127.0.0.1:4723/session/dca490b3-b990-4ec1-a894-a52c04cc7bc8/element'
01:18:06.025 [Forwarding findElement on session dca490b3-b990-4ec1-a894-a52c04cc7bc8 to remote] DEBUG org.asynchttpclient.netty.request.NettyRequestSender - Using open Channel [id: 0xf10b9492, L:/127.0.0.1:53379 - R:/127.0.0.1:4723] for POST '/session/dca490b3-b990-4ec1-a894-a52c04cc7bc8/element'
01:18:06.040 [AsyncHttpClient-1-2] DEBUG org.asynchttpclient.netty.handler.HttpHandler - 

Request DefaultHttpRequest(decodeResult: success, version: HTTP/1.1)
POST /session/dca490b3-b990-4ec1-a894-a52c04cc7bc8/element HTTP/1.1
User-Agent: appium/8.4.0 (selenium/4.8.3 (java mac))
Content-Length: 71
Content-Type: application/json; charset=utf-8
host: 127.0.0.1:4723
accept: */*

Response DefaultHttpResponse(decodeResult: success, version: HTTP/1.1)
HTTP/1.1 404 Not Found
X-Powered-By: Express
Vary: X-HTTP-Method-Override
Content-Type: application/json; charset=utf-8
Content-Length: 856
ETag: W/"358-zfZUYgt7dUCVDfQ0tJRZME97dK0"
Date: Fri, 27 Mar 2026 19:48:06 GMT
Connection: keep-alive
Keep-Alive: timeout=600

01:18:06.040 [AsyncHttpClient-1-2] DEBUG org.asynchttpclient.netty.channel.ChannelManager - Adding key: http://127.0.0.1:4723 for channel [id: 0xf10b9492, L:/127.0.0.1:53379 - R:/127.0.0.1:4723]
01:18:06.091 [AsyncHttpClient-1-1] DEBUG org.asynchttpclient.netty.channel.DefaultChannelPool - Entry count for : http://127.0.0.1:4723 : 1
01:18:06.546 [Forwarding findElement on session dca490b3-b990-4ec1-a894-a52c04cc7bc8 to remote] DEBUG org.asynchttpclient.netty.request.NettyRequestSender - Using pooled Channel '[id: 0xf10b9492, L:/127.0.0.1:53379 - R:/127.0.0.1:4723]' for 'POST' to 'http://127.0.0.1:4723/session/dca490b3-b990-4ec1-a894-a52c04cc7bc8/element'
01:18:06.546 [Forwarding findElement on session dca490b3-b990-4ec1-a894-a52c04cc7bc8 to remote] DEBUG org.asynchttpclient.netty.request.NettyRequestSender - Using open Channel [id: 0xf10b9492, L:/127.0.0.1:53379 - R:/127.0.0.1:4723] for POST '/session/dca490b3-b990-4ec1-a894-a52c04cc7bc8/element'
01:18:06.562 [AsyncHttpClient-1-2] DEBUG org.asynchttpclient.netty.handler.HttpHandler - 

Request DefaultHttpRequest(decodeResult: success, version: HTTP/1.1)
POST /session/dca490b3-b990-4ec1-a894-a52c04cc7bc8/element HTTP/1.1
User-Agent: appium/8.4.0 (selenium/4.8.3 (java mac))
Content-Length: 71
Content-Type: application/json; charset=utf-8
host: 127.0.0.1:4723
accept: */*

Response DefaultHttpResponse(decodeResult: success, version: HTTP/1.1)
HTTP/1.1 404 Not Found
X-Powered-By: Express
Vary: X-HTTP-Method-Override
Content-Type: application/json; charset=utf-8
Content-Length: 856
ETag: W/"358-zfZUYgt7dUCVDfQ0tJRZME97dK0"
Date: Fri, 27 Mar 2026 19:48:06 GMT
Connection: keep-alive
Keep-Alive: timeout=600

01:18:06.562 [AsyncHttpClient-1-2] DEBUG org.asynchttpclient.netty.channel.ChannelManager - Adding key: http://127.0.0.1:4723 for channel [id: 0xf10b9492, L:/127.0.0.1:53379 - R:/127.0.0.1:4723]
01:18:07.068 [Forwarding findElement on session dca490b3-b990-4ec1-a894-a52c04cc7bc8 to remote] DEBUG org.asynchttpclient.netty.request.NettyRequestSender - Using pooled Channel '[id: 0xf10b9492, L:/127.0.0.1:53379 - R:/127.0.0.1:4723]' for 'POST' to 'http://127.0.0.1:4723/session/dca490b3-b990-4ec1-a894-a52c04cc7bc8/element'
01:18:07.068 [Forwarding findElement on session dca490b3-b990-4ec1-a894-a52c04cc7bc8 to remote] DEBUG org.asynchttpclient.netty.request.NettyRequestSender - Using open Channel [id: 0xf10b9492, L:/127.0.0.1:53379 - R:/127.0.0.1:4723] for POST '/session/dca490b3-b990-4ec1-a894-a52c04cc7bc8/element'
01:18:07.084 [AsyncHttpClient-1-2] DEBUG org.asynchttpclient.netty.handler.HttpHandler - 

Request DefaultHttpRequest(decodeResult: success, version: HTTP/1.1)
POST /session/dca490b3-b990-4ec1-a894-a52c04cc7bc8/element HTTP/1.1
User-Agent: appium/8.4.0 (selenium/4.8.3 (java mac))
Content-Length: 71
Content-Type: application/json; charset=utf-8
host: 127.0.0.1:4723
accept: */*

Response DefaultHttpResponse(decodeResult: success, version: HTTP/1.1)
HTTP/1.1 404 Not Found
X-Powered-By: Express
Vary: X-HTTP-Method-Override
Content-Type: application/json; charset=utf-8
Content-Length: 856
ETag: W/"358-zfZUYgt7dUCVDfQ0tJRZME97dK0"
Date: Fri, 27 Mar 2026 19:48:07 GMT
Connection: keep-alive
Keep-Alive: timeout=600

01:18:07.084 [AsyncHttpClient-1-2] DEBUG org.asynchttpclient.netty.channel.ChannelManager - Adding key: http://127.0.0.1:4723 for channel [id: 0xf10b9492, L:/127.0.0.1:53379 - R:/127.0.0.1:4723]
01:18:07.192 [AsyncHttpClient-1-1] DEBUG org.asynchttpclient.netty.channel.DefaultChannelPool - Entry count for : http://127.0.0.1:4723 : 1
01:18:07.590 [Forwarding findElement on session dca490b3-b990-4ec1-a894-a52c04cc7bc8 to remote] DEBUG org.asynchttpclient.netty.request.NettyRequestSender - Using pooled Channel '[id: 0xf10b9492, L:/127.0.0.1:53379 - R:/127.0.0.1:4723]' for 'POST' to 'http://127.0.0.1:4723/session/dca490b3-b990-4ec1-a894-a52c04cc7bc8/element'
01:18:07.590 [Forwarding findElement on session dca490b3-b990-4ec1-a894-a52c04cc7bc8 to remote] DEBUG org.asynchttpclient.netty.request.NettyRequestSender - Using open Channel [id: 0xf10b9492, L:/127.0.0.1:53379 - R:/127.0.0.1:4723] for POST '/session/dca490b3-b990-4ec1-a894-a52c04cc7bc8/element'
01:18:07.603 [AsyncHttpClient-1-2] DEBUG org.asynchttpclient.netty.handler.HttpHandler - 

Request DefaultHttpRequest(decodeResult: success, version: HTTP/1.1)
POST /session/dca490b3-b990-4ec1-a894-a52c04cc7bc8/element HTTP/1.1
User-Agent: appium/8.4.0 (selenium/4.8.3 (java mac))
Content-Length: 71
Content-Type: application/json; charset=utf-8
host: 127.0.0.1:4723
accept: */*

Response DefaultHttpResponse(decodeResult: success, version: HTTP/1.1)
HTTP/1.1 404 Not Found
X-Powered-By: Express
Vary: X-HTTP-Method-Override
Content-Type: application/json; charset=utf-8
Content-Length: 856
ETag: W/"358-zfZUYgt7dUCVDfQ0tJRZME97dK0"
Date: Fri, 27 Mar 2026 19:48:07 GMT
Connection: keep-alive
Keep-Alive: timeout=600

01:18:07.603 [AsyncHttpClient-1-2] DEBUG org.asynchttpclient.netty.channel.ChannelManager - Adding key: http://127.0.0.1:4723 for channel [id: 0xf10b9492, L:/127.0.0.1:53379 - R:/127.0.0.1:4723]
01:18:08.109 [Forwarding findElement on session dca490b3-b990-4ec1-a894-a52c04cc7bc8 to remote] DEBUG org.asynchttpclient.netty.request.NettyRequestSender - Using pooled Channel '[id: 0xf10b9492, L:/127.0.0.1:53379 - R:/127.0.0.1:4723]' for 'POST' to 'http://127.0.0.1:4723/session/dca490b3-b990-4ec1-a894-a52c04cc7bc8/element'
01:18:08.109 [Forwarding findElement on session dca490b3-b990-4ec1-a894-a52c04cc7bc8 to remote] DEBUG org.asynchttpclient.netty.request.NettyRequestSender - Using open Channel [id: 0xf10b9492, L:/127.0.0.1:53379 - R:/127.0.0.1:4723] for POST '/session/dca490b3-b990-4ec1-a894-a52c04cc7bc8/element'
01:18:08.124 [AsyncHttpClient-1-2] DEBUG org.asynchttpclient.netty.handler.HttpHandler - 

Request DefaultHttpRequest(decodeResult: success, version: HTTP/1.1)
POST /session/dca490b3-b990-4ec1-a894-a52c04cc7bc8/element HTTP/1.1
User-Agent: appium/8.4.0 (selenium/4.8.3 (java mac))
Content-Length: 71
Content-Type: application/json; charset=utf-8
host: 127.0.0.1:4723
accept: */*

Response DefaultHttpResponse(decodeResult: success, version: HTTP/1.1)
HTTP/1.1 404 Not Found
X-Powered-By: Express
Vary: X-HTTP-Method-Override
Content-Type: application/json; charset=utf-8
Content-Length: 856
ETag: W/"358-zfZUYgt7dUCVDfQ0tJRZME97dK0"
Date: Fri, 27 Mar 2026 19:48:08 GMT
Connection: keep-alive
Keep-Alive: timeout=600

01:18:08.124 [AsyncHttpClient-1-2] DEBUG org.asynchttpclient.netty.channel.ChannelManager - Adding key: http://127.0.0.1:4723 for channel [id: 0xf10b9492, L:/127.0.0.1:53379 - R:/127.0.0.1:4723]
01:18:08.291 [AsyncHttpClient-1-1] DEBUG org.asynchttpclient.netty.channel.DefaultChannelPool - Entry count for : http://127.0.0.1:4723 : 1
01:18:08.630 [Forwarding findElement on session dca490b3-b990-4ec1-a894-a52c04cc7bc8 to remote] DEBUG org.asynchttpclient.netty.request.NettyRequestSender - Using pooled Channel '[id: 0xf10b9492, L:/127.0.0.1:53379 - R:/127.0.0.1:4723]' for 'POST' to 'http://127.0.0.1:4723/session/dca490b3-b990-4ec1-a894-a52c04cc7bc8/element'
01:18:08.630 [Forwarding findElement on session dca490b3-b990-4ec1-a894-a52c04cc7bc8 to remote] DEBUG org.asynchttpclient.netty.request.NettyRequestSender - Using open Channel [id: 0xf10b9492, L:/127.0.0.1:53379 - R:/127.0.0.1:4723] for POST '/session/dca490b3-b990-4ec1-a894-a52c04cc7bc8/element'
01:18:08.644 [AsyncHttpClient-1-2] DEBUG org.asynchttpclient.netty.handler.HttpHandler - 

Request DefaultHttpRequest(decodeResult: success, version: HTTP/1.1)
POST /session/dca490b3-b990-4ec1-a894-a52c04cc7bc8/element HTTP/1.1
User-Agent: appium/8.4.0 (selenium/4.8.3 (java mac))
Content-Length: 71
Content-Type: application/json; charset=utf-8
host: 127.0.0.1:4723
accept: */*

Response DefaultHttpResponse(decodeResult: success, version: HTTP/1.1)
HTTP/1.1 404 Not Found
X-Powered-By: Express
Vary: X-HTTP-Method-Override
Content-Type: application/json; charset=utf-8
Content-Length: 856
ETag: W/"358-zfZUYgt7dUCVDfQ0tJRZME97dK0"
Date: Fri, 27 Mar 2026 19:48:08 GMT
Connection: keep-alive
Keep-Alive: timeout=600

01:18:08.645 [AsyncHttpClient-1-2] DEBUG org.asynchttpclient.netty.channel.ChannelManager - Adding key: http://127.0.0.1:4723 for channel [id: 0xf10b9492, L:/127.0.0.1:53379 - R:/127.0.0.1:4723]
01:18:09.151 [Forwarding findElement on session dca490b3-b990-4ec1-a894-a52c04cc7bc8 to remote] DEBUG org.asynchttpclient.netty.request.NettyRequestSender - Using pooled Channel '[id: 0xf10b9492, L:/127.0.0.1:53379 - R:/127.0.0.1:4723]' for 'POST' to 'http://127.0.0.1:4723/session/dca490b3-b990-4ec1-a894-a52c04cc7bc8/element'
01:18:09.151 [Forwarding findElement on session dca490b3-b990-4ec1-a894-a52c04cc7bc8 to remote] DEBUG org.asynchttpclient.netty.request.NettyRequestSender - Using open Channel [id: 0xf10b9492, L:/127.0.0.1:53379 - R:/127.0.0.1:4723] for POST '/session/dca490b3-b990-4ec1-a894-a52c04cc7bc8/element'
01:18:09.165 [AsyncHttpClient-1-2] DEBUG org.asynchttpclient.netty.handler.HttpHandler - 

Request DefaultHttpRequest(decodeResult: success, version: HTTP/1.1)
POST /session/dca490b3-b990-4ec1-a894-a52c04cc7bc8/element HTTP/1.1
User-Agent: appium/8.4.0 (selenium/4.8.3 (java mac))
Content-Length: 71
Content-Type: application/json; charset=utf-8
host: 127.0.0.1:4723
accept: */*

Response DefaultHttpResponse(decodeResult: success, version: HTTP/1.1)
HTTP/1.1 404 Not Found
X-Powered-By: Express
Vary: X-HTTP-Method-Override
Content-Type: application/json; charset=utf-8
Content-Length: 856
ETag: W/"358-zfZUYgt7dUCVDfQ0tJRZME97dK0"
Date: Fri, 27 Mar 2026 19:48:09 GMT
Connection: keep-alive
Keep-Alive: timeout=600

01:18:09.166 [AsyncHttpClient-1-2] DEBUG org.asynchttpclient.netty.channel.ChannelManager - Adding key: http://127.0.0.1:4723 for channel [id: 0xf10b9492, L:/127.0.0.1:53379 - R:/127.0.0.1:4723]
01:18:09.391 [AsyncHttpClient-1-1] DEBUG org.asynchttpclient.netty.channel.DefaultChannelPool - Entry count for : http://127.0.0.1:4723 : 1
01:18:09.672 [Forwarding findElement on session dca490b3-b990-4ec1-a894-a52c04cc7bc8 to remote] DEBUG org.asynchttpclient.netty.request.NettyRequestSender - Using pooled Channel '[id: 0xf10b9492, L:/127.0.0.1:53379 - R:/127.0.0.1:4723]' for 'POST' to 'http://127.0.0.1:4723/session/dca490b3-b990-4ec1-a894-a52c04cc7bc8/element'
01:18:09.672 [Forwarding findElement on session dca490b3-b990-4ec1-a894-a52c04cc7bc8 to remote] DEBUG org.asynchttpclient.netty.request.NettyRequestSender - Using open Channel [id: 0xf10b9492, L:/127.0.0.1:53379 - R:/127.0.0.1:4723] for POST '/session/dca490b3-b990-4ec1-a894-a52c04cc7bc8/element'
01:18:09.689 [AsyncHttpClient-1-2] DEBUG org.asynchttpclient.netty.handler.HttpHandler - 

Request DefaultHttpRequest(decodeResult: success, version: HTTP/1.1)
POST /session/dca490b3-b990-4ec1-a894-a52c04cc7bc8/element HTTP/1.1
User-Agent: appium/8.4.0 (selenium/4.8.3 (java mac))
Content-Length: 71
Content-Type: application/json; charset=utf-8
host: 127.0.0.1:4723
accept: */*

Response DefaultHttpResponse(decodeResult: success, version: HTTP/1.1)
HTTP/1.1 404 Not Found
X-Powered-By: Express
Vary: X-HTTP-Method-Override
Content-Type: application/json; charset=utf-8
Content-Length: 856
ETag: W/"358-zfZUYgt7dUCVDfQ0tJRZME97dK0"
Date: Fri, 27 Mar 2026 19:48:09 GMT
Connection: keep-alive
Keep-Alive: timeout=600

01:18:09.689 [AsyncHttpClient-1-2] DEBUG org.asynchttpclient.netty.channel.ChannelManager - Adding key: http://127.0.0.1:4723 for channel [id: 0xf10b9492, L:/127.0.0.1:53379 - R:/127.0.0.1:4723]
01:18:10.195 [Forwarding findElement on session dca490b3-b990-4ec1-a894-a52c04cc7bc8 to remote] DEBUG org.asynchttpclient.netty.request.NettyRequestSender - Using pooled Channel '[id: 0xf10b9492, L:/127.0.0.1:53379 - R:/127.0.0.1:4723]' for 'POST' to 'http://127.0.0.1:4723/session/dca490b3-b990-4ec1-a894-a52c04cc7bc8/element'
01:18:10.195 [Forwarding findElement on session dca490b3-b990-4ec1-a894-a52c04cc7bc8 to remote] DEBUG org.asynchttpclient.netty.request.NettyRequestSender - Using open Channel [id: 0xf10b9492, L:/127.0.0.1:53379 - R:/127.0.0.1:4723] for POST '/session/dca490b3-b990-4ec1-a894-a52c04cc7bc8/element'
01:18:10.209 [AsyncHttpClient-1-2] DEBUG org.asynchttpclient.netty.handler.HttpHandler - 

Request DefaultHttpRequest(decodeResult: success, version: HTTP/1.1)
POST /session/dca490b3-b990-4ec1-a894-a52c04cc7bc8/element HTTP/1.1
User-Agent: appium/8.4.0 (selenium/4.8.3 (java mac))
Content-Length: 71
Content-Type: application/json; charset=utf-8
host: 127.0.0.1:4723
accept: */*

Response DefaultHttpResponse(decodeResult: success, version: HTTP/1.1)
HTTP/1.1 404 Not Found
X-Powered-By: Express
Vary: X-HTTP-Method-Override
Content-Type: application/json; charset=utf-8
Content-Length: 856
ETag: W/"358-zfZUYgt7dUCVDfQ0tJRZME97dK0"
Date: Fri, 27 Mar 2026 19:48:10 GMT
Connection: keep-alive
Keep-Alive: timeout=600

01:18:10.209 [AsyncHttpClient-1-2] DEBUG org.asynchttpclient.netty.channel.ChannelManager - Adding key: http://127.0.0.1:4723 for channel [id: 0xf10b9492, L:/127.0.0.1:53379 - R:/127.0.0.1:4723]
01:18:10.491 [AsyncHttpClient-1-1] DEBUG org.asynchttpclient.netty.channel.DefaultChannelPool - Entry count for : http://127.0.0.1:4723 : 1
01:18:10.715 [Forwarding findElement on session dca490b3-b990-4ec1-a894-a52c04cc7bc8 to remote] DEBUG org.asynchttpclient.netty.request.NettyRequestSender - Using pooled Channel '[id: 0xf10b9492, L:/127.0.0.1:53379 - R:/127.0.0.1:4723]' for 'POST' to 'http://127.0.0.1:4723/session/dca490b3-b990-4ec1-a894-a52c04cc7bc8/element'
01:18:10.715 [Forwarding findElement on session dca490b3-b990-4ec1-a894-a52c04cc7bc8 to remote] DEBUG org.asynchttpclient.netty.request.NettyRequestSender - Using open Channel [id: 0xf10b9492, L:/127.0.0.1:53379 - R:/127.0.0.1:4723] for POST '/session/dca490b3-b990-4ec1-a894-a52c04cc7bc8/element'
01:18:10.729 [AsyncHttpClient-1-2] DEBUG org.asynchttpclient.netty.handler.HttpHandler - 

Request DefaultHttpRequest(decodeResult: success, version: HTTP/1.1)
POST /session/dca490b3-b990-4ec1-a894-a52c04cc7bc8/element HTTP/1.1
User-Agent: appium/8.4.0 (selenium/4.8.3 (java mac))
Content-Length: 71
Content-Type: application/json; charset=utf-8
host: 127.0.0.1:4723
accept: */*

Response DefaultHttpResponse(decodeResult: success, version: HTTP/1.1)
HTTP/1.1 404 Not Found
X-Powered-By: Express
Vary: X-HTTP-Method-Override
Content-Type: application/json; charset=utf-8
Content-Length: 856
ETag: W/"358-zfZUYgt7dUCVDfQ0tJRZME97dK0"
Date: Fri, 27 Mar 2026 19:48:10 GMT
Connection: keep-alive
Keep-Alive: timeout=600

01:18:10.729 [AsyncHttpClient-1-2] DEBUG org.asynchttpclient.netty.channel.ChannelManager - Adding key: http://127.0.0.1:4723 for channel [id: 0xf10b9492, L:/127.0.0.1:53379 - R:/127.0.0.1:4723]
01:18:11.235 [Forwarding findElement on session dca490b3-b990-4ec1-a894-a52c04cc7bc8 to remote] DEBUG org.asynchttpclient.netty.request.NettyRequestSender - Using pooled Channel '[id: 0xf10b9492, L:/127.0.0.1:53379 - R:/127.0.0.1:4723]' for 'POST' to 'http://127.0.0.1:4723/session/dca490b3-b990-4ec1-a894-a52c04cc7bc8/element'
01:18:11.235 [Forwarding findElement on session dca490b3-b990-4ec1-a894-a52c04cc7bc8 to remote] DEBUG org.asynchttpclient.netty.request.NettyRequestSender - Using open Channel [id: 0xf10b9492, L:/127.0.0.1:53379 - R:/127.0.0.1:4723] for POST '/session/dca490b3-b990-4ec1-a894-a52c04cc7bc8/element'
01:18:11.250 [AsyncHttpClient-1-2] DEBUG org.asynchttpclient.netty.handler.HttpHandler - 

Request DefaultHttpRequest(decodeResult: success, version: HTTP/1.1)
POST /session/dca490b3-b990-4ec1-a894-a52c04cc7bc8/element HTTP/1.1
User-Agent: appium/8.4.0 (selenium/4.8.3 (java mac))
Content-Length: 71
Content-Type: application/json; charset=utf-8
host: 127.0.0.1:4723
accept: */*

Response DefaultHttpResponse(decodeResult: success, version: HTTP/1.1)
HTTP/1.1 404 Not Found
X-Powered-By: Express
Vary: X-HTTP-Method-Override
Content-Type: application/json; charset=utf-8
Content-Length: 856
ETag: W/"358-zfZUYgt7dUCVDfQ0tJRZME97dK0"
Date: Fri, 27 Mar 2026 19:48:11 GMT
Connection: keep-alive
Keep-Alive: timeout=600

01:18:11.250 [AsyncHttpClient-1-2] DEBUG org.asynchttpclient.netty.channel.ChannelManager - Adding key: http://127.0.0.1:4723 for channel [id: 0xf10b9492, L:/127.0.0.1:53379 - R:/127.0.0.1:4723]
01:18:11.591 [AsyncHttpClient-1-1] DEBUG org.asynchttpclient.netty.channel.DefaultChannelPool - Entry count for : http://127.0.0.1:4723 : 1
01:18:11.756 [Forwarding findElement on session dca490b3-b990-4ec1-a894-a52c04cc7bc8 to remote] DEBUG org.asynchttpclient.netty.request.NettyRequestSender - Using pooled Channel '[id: 0xf10b9492, L:/127.0.0.1:53379 - R:/127.0.0.1:4723]' for 'POST' to 'http://127.0.0.1:4723/session/dca490b3-b990-4ec1-a894-a52c04cc7bc8/element'
01:18:11.756 [Forwarding findElement on session dca490b3-b990-4ec1-a894-a52c04cc7bc8 to remote] DEBUG org.asynchttpclient.netty.request.NettyRequestSender - Using open Channel [id: 0xf10b9492, L:/127.0.0.1:53379 - R:/127.0.0.1:4723] for POST '/session/dca490b3-b990-4ec1-a894-a52c04cc7bc8/element'
01:18:11.772 [AsyncHttpClient-1-2] DEBUG org.asynchttpclient.netty.handler.HttpHandler - 

Request DefaultHttpRequest(decodeResult: success, version: HTTP/1.1)
POST /session/dca490b3-b990-4ec1-a894-a52c04cc7bc8/element HTTP/1.1
User-Agent: appium/8.4.0 (selenium/4.8.3 (java mac))
Content-Length: 71
Content-Type: application/json; charset=utf-8
host: 127.0.0.1:4723
accept: */*

Response DefaultHttpResponse(decodeResult: success, version: HTTP/1.1)
HTTP/1.1 404 Not Found
X-Powered-By: Express
Vary: X-HTTP-Method-Override
Content-Type: application/json; charset=utf-8
Content-Length: 856
ETag: W/"358-zfZUYgt7dUCVDfQ0tJRZME97dK0"
Date: Fri, 27 Mar 2026 19:48:11 GMT
Connection: keep-alive
Keep-Alive: timeout=600

01:18:11.772 [AsyncHttpClient-1-2] DEBUG org.asynchttpclient.netty.channel.ChannelManager - Adding key: http://127.0.0.1:4723 for channel [id: 0xf10b9492, L:/127.0.0.1:53379 - R:/127.0.0.1:4723]
01:18:12.275 [Forwarding findElement on session dca490b3-b990-4ec1-a894-a52c04cc7bc8 to remote] DEBUG org.asynchttpclient.netty.request.NettyRequestSender - Using pooled Channel '[id: 0xf10b9492, L:/127.0.0.1:53379 - R:/127.0.0.1:4723]' for 'POST' to 'http://127.0.0.1:4723/session/dca490b3-b990-4ec1-a894-a52c04cc7bc8/element'
01:18:12.275 [Forwarding findElement on session dca490b3-b990-4ec1-a894-a52c04cc7bc8 to remote] DEBUG org.asynchttpclient.netty.request.NettyRequestSender - Using open Channel [id: 0xf10b9492, L:/127.0.0.1:53379 - R:/127.0.0.1:4723] for POST '/session/dca490b3-b990-4ec1-a894-a52c04cc7bc8/element'
01:18:12.289 [AsyncHttpClient-1-2] DEBUG org.asynchttpclient.netty.handler.HttpHandler - 

Request DefaultHttpRequest(decodeResult: success, version: HTTP/1.1)
POST /session/dca490b3-b990-4ec1-a894-a52c04cc7bc8/element HTTP/1.1
User-Agent: appium/8.4.0 (selenium/4.8.3 (java mac))
Content-Length: 71
Content-Type: application/json; charset=utf-8
host: 127.0.0.1:4723
accept: */*

Response DefaultHttpResponse(decodeResult: success, version: HTTP/1.1)
HTTP/1.1 404 Not Found
X-Powered-By: Express
Vary: X-HTTP-Method-Override
Content-Type: application/json; charset=utf-8
Content-Length: 856
ETag: W/"358-zfZUYgt7dUCVDfQ0tJRZME97dK0"
Date: Fri, 27 Mar 2026 19:48:12 GMT
Connection: keep-alive
Keep-Alive: timeout=600

01:18:12.290 [AsyncHttpClient-1-2] DEBUG org.asynchttpclient.netty.channel.ChannelManager - Adding key: http://127.0.0.1:4723 for channel [id: 0xf10b9492, L:/127.0.0.1:53379 - R:/127.0.0.1:4723]
01:18:12.693 [AsyncHttpClient-1-1] DEBUG org.asynchttpclient.netty.channel.DefaultChannelPool - Entry count for : http://127.0.0.1:4723 : 1
01:18:12.796 [Forwarding findElement on session dca490b3-b990-4ec1-a894-a52c04cc7bc8 to remote] DEBUG org.asynchttpclient.netty.request.NettyRequestSender - Using pooled Channel '[id: 0xf10b9492, L:/127.0.0.1:53379 - R:/127.0.0.1:4723]' for 'POST' to 'http://127.0.0.1:4723/session/dca490b3-b990-4ec1-a894-a52c04cc7bc8/element'
01:18:12.796 [Forwarding findElement on session dca490b3-b990-4ec1-a894-a52c04cc7bc8 to remote] DEBUG org.asynchttpclient.netty.request.NettyRequestSender - Using open Channel [id: 0xf10b9492, L:/127.0.0.1:53379 - R:/127.0.0.1:4723] for POST '/session/dca490b3-b990-4ec1-a894-a52c04cc7bc8/element'
01:18:12.808 [AsyncHttpClient-1-2] DEBUG org.asynchttpclient.netty.handler.HttpHandler - 

Request DefaultHttpRequest(decodeResult: success, version: HTTP/1.1)
POST /session/dca490b3-b990-4ec1-a894-a52c04cc7bc8/element HTTP/1.1
User-Agent: appium/8.4.0 (selenium/4.8.3 (java mac))
Content-Length: 71
Content-Type: application/json; charset=utf-8
host: 127.0.0.1:4723
accept: */*

Response DefaultHttpResponse(decodeResult: success, version: HTTP/1.1)
HTTP/1.1 404 Not Found
X-Powered-By: Express
Vary: X-HTTP-Method-Override
Content-Type: application/json; charset=utf-8
Content-Length: 856
ETag: W/"358-zfZUYgt7dUCVDfQ0tJRZME97dK0"
Date: Fri, 27 Mar 2026 19:48:12 GMT
Connection: keep-alive
Keep-Alive: timeout=600

01:18:12.808 [AsyncHttpClient-1-2] DEBUG org.asynchttpclient.netty.channel.ChannelManager - Adding key: http://127.0.0.1:4723 for channel [id: 0xf10b9492, L:/127.0.0.1:53379 - R:/127.0.0.1:4723]
01:18:13.313 [Forwarding findElement on session dca490b3-b990-4ec1-a894-a52c04cc7bc8 to remote] DEBUG org.asynchttpclient.netty.request.NettyRequestSender - Using pooled Channel '[id: 0xf10b9492, L:/127.0.0.1:53379 - R:/127.0.0.1:4723]' for 'POST' to 'http://127.0.0.1:4723/session/dca490b3-b990-4ec1-a894-a52c04cc7bc8/element'
01:18:13.313 [Forwarding findElement on session dca490b3-b990-4ec1-a894-a52c04cc7bc8 to remote] DEBUG org.asynchttpclient.netty.request.NettyRequestSender - Using open Channel [id: 0xf10b9492, L:/127.0.0.1:53379 - R:/127.0.0.1:4723] for POST '/session/dca490b3-b990-4ec1-a894-a52c04cc7bc8/element'
01:18:13.328 [AsyncHttpClient-1-2] DEBUG org.asynchttpclient.netty.handler.HttpHandler - 

Request DefaultHttpRequest(decodeResult: success, version: HTTP/1.1)
POST /session/dca490b3-b990-4ec1-a894-a52c04cc7bc8/element HTTP/1.1
User-Agent: appium/8.4.0 (selenium/4.8.3 (java mac))
Content-Length: 71
Content-Type: application/json; charset=utf-8
host: 127.0.0.1:4723
accept: */*

Response DefaultHttpResponse(decodeResult: success, version: HTTP/1.1)
HTTP/1.1 404 Not Found
X-Powered-By: Express
Vary: X-HTTP-Method-Override
Content-Type: application/json; charset=utf-8
Content-Length: 856
ETag: W/"358-zfZUYgt7dUCVDfQ0tJRZME97dK0"
Date: Fri, 27 Mar 2026 19:48:13 GMT
Connection: keep-alive
Keep-Alive: timeout=600

01:18:13.328 [AsyncHttpClient-1-2] DEBUG org.asynchttpclient.netty.channel.ChannelManager - Adding key: http://127.0.0.1:4723 for channel [id: 0xf10b9492, L:/127.0.0.1:53379 - R:/127.0.0.1:4723]
01:18:13.794 [AsyncHttpClient-1-1] DEBUG org.asynchttpclient.netty.channel.DefaultChannelPool - Entry count for : http://127.0.0.1:4723 : 1
01:18:13.834 [Forwarding findElement on session dca490b3-b990-4ec1-a894-a52c04cc7bc8 to remote] DEBUG org.asynchttpclient.netty.request.NettyRequestSender - Using pooled Channel '[id: 0xf10b9492, L:/127.0.0.1:53379 - R:/127.0.0.1:4723]' for 'POST' to 'http://127.0.0.1:4723/session/dca490b3-b990-4ec1-a894-a52c04cc7bc8/element'
01:18:13.834 [Forwarding findElement on session dca490b3-b990-4ec1-a894-a52c04cc7bc8 to remote] DEBUG org.asynchttpclient.netty.request.NettyRequestSender - Using open Channel [id: 0xf10b9492, L:/127.0.0.1:53379 - R:/127.0.0.1:4723] for POST '/session/dca490b3-b990-4ec1-a894-a52c04cc7bc8/element'
01:18:13.848 [AsyncHttpClient-1-2] DEBUG org.asynchttpclient.netty.handler.HttpHandler - 

Request DefaultHttpRequest(decodeResult: success, version: HTTP/1.1)
POST /session/dca490b3-b990-4ec1-a894-a52c04cc7bc8/element HTTP/1.1
User-Agent: appium/8.4.0 (selenium/4.8.3 (java mac))
Content-Length: 71
Content-Type: application/json; charset=utf-8
host: 127.0.0.1:4723
accept: */*

Response DefaultHttpResponse(decodeResult: success, version: HTTP/1.1)
HTTP/1.1 404 Not Found
X-Powered-By: Express
Vary: X-HTTP-Method-Override
Content-Type: application/json; charset=utf-8
Content-Length: 856
ETag: W/"358-zfZUYgt7dUCVDfQ0tJRZME97dK0"
[...]
Keep-Alive: timeout=600

01:20:24.186 [AsyncHttpClient-1-2] DEBUG org.asynchttpclient.netty.channel.ChannelManager - Adding key: http://127.0.0.1:4723 for channel [id: 0xf10b9492, L:/127.0.0.1:53379 - R:/127.0.0.1:4723]
01:20:24.690 [AsyncHttpClient-1-1] DEBUG org.asynchttpclient.netty.channel.DefaultChannelPool - Entry count for : http://127.0.0.1:4723 : 1
01:20:24.692 [Forwarding findElement on session bbb861e2-5c3c-45ec-9901-592143764c3b to remote] DEBUG org.asynchttpclient.netty.request.NettyRequestSender - Using pooled Channel '[id: 0xf10b9492, L:/127.0.0.1:53379 - R:/127.0.0.1:4723]' for 'POST' to 'http://127.0.0.1:4723/session/bbb861e2-5c3c-45ec-9901-592143764c3b/element'
01:20:24.692 [Forwarding findElement on session bbb861e2-5c3c-45ec-9901-592143764c3b to remote] DEBUG org.asynchttpclient.netty.request.NettyRequestSender - Using open Channel [id: 0xf10b9492, L:/127.0.0.1:53379 - R:/127.0.0.1:4723] for POST '/session/bbb861e2-5c3c-45ec-9901-592143764c3b/element'
01:20:37.353 [AsyncHttpClient-1-2] DEBUG org.asynchttpclient.netty.handler.HttpHandler - 

Request DefaultHttpRequest(decodeResult: success, version: HTTP/1.1)
POST /session/bbb861e2-5c3c-45ec-9901-592143764c3b/element HTTP/1.1
User-Agent: appium/8.4.0 (selenium/4.8.3 (java mac))
Content-Length: 512
Content-Type: application/json; charset=utf-8
host: 127.0.0.1:4723
accept: */*

Response DefaultHttpResponse(decodeResult: success, version: HTTP/1.1)
HTTP/1.1 500 Internal Server Error
X-Powered-By: Express
Vary: X-HTTP-Method-Override
Content-Type: application/json; charset=utf-8
Content-Length: 2011
ETag: W/"7db-wunvrdFwjjhveF2D4wfZiBon4kE"
Date: Fri, 27 Mar 2026 19:50:37 GMT
Connection: keep-alive
Keep-Alive: timeout=600

01:20:37.354 [AsyncHttpClient-1-2] DEBUG org.asynchttpclient.netty.channel.ChannelManager - Adding key: http://127.0.0.1:4723 for channel [id: 0xf10b9492, L:/127.0.0.1:53379 - R:/127.0.0.1:4723]
01:20:37.358 [Forwarding findElement on session bbb861e2-5c3c-45ec-9901-592143764c3b to remote] DEBUG org.asynchttpclient.netty.request.NettyRequestSender - Using pooled Channel '[id: 0xf10b9492, L:/127.0.0.1:53379 - R:/127.0.0.1:4723]' for 'POST' to 'http://127.0.0.1:4723/session/bbb861e2-5c3c-45ec-9901-592143764c3b/element'
01:20:37.358 [Forwarding findElement on session bbb861e2-5c3c-45ec-9901-592143764c3b to remote] DEBUG org.asynchttpclient.netty.request.NettyRequestSender - Using open Channel [id: 0xf10b9492, L:/127.0.0.1:53379 - R:/127.0.0.1:4723] for POST '/session/bbb861e2-5c3c-45ec-9901-592143764c3b/element'
01:20:37.362 [AsyncHttpClient-1-2] DEBUG org.asynchttpclient.netty.handler.HttpHandler - 

Request DefaultHttpRequest(decodeResult: success, version: HTTP/1.1)
POST /session/bbb861e2-5c3c-45ec-9901-592143764c3b/element HTTP/1.1
User-Agent: appium/8.4.0 (selenium/4.8.3 (java mac))
Content-Length: 153
Content-Type: application/json; charset=utf-8
host: 127.0.0.1:4723
accept: */*

Response DefaultHttpResponse(decodeResult: success, version: HTTP/1.1)
HTTP/1.1 500 Internal Server Error
X-Powered-By: Express
Vary: X-HTTP-Method-Override
Content-Type: application/json; charset=utf-8
Content-Length: 2089
ETag: W/"829-y6E1eruV1gW6PhiYnd+4W5t1MCs"
Date: Fri, 27 Mar 2026 19:50:37 GMT
Connection: keep-alive
Keep-Alive: timeout=600

01:20:37.362 [AsyncHttpClient-1-2] DEBUG org.asynchttpclient.netty.channel.ChannelManager - Adding key: http://127.0.0.1:4723 for channel [id: 0xf10b9492, L:/127.0.0.1:53379 - R:/127.0.0.1:4723]
]]></system-out>
  </testcase>
  <testcase name="tearDown[[TestResult name=launchTest status=FAILURE method=LoginTest.launchTest()[pri:0, instance:tests.LoginTest@55de24cc] output={null}]](0)" classname="tests.LoginTest" time="24.898">
    <failure message="Error executing adbExec. Original error: &apos;Command &apos;/Users/sachin/Library/Android/sdk/platform-tools/adb -P 5037 -s emulator-5554 shell &apos;settings delete global hidden_api_policy_pre_p_apps;settings delete global hidden_api_policy_p_apps;settings delete global hidden_api_policy&apos;&apos; exited with code 1&apos;; Command output: adb: device offline&#10;&#10;Build info: version: &apos;4.8.3&apos;, revision: &apos;e5e76298c3&apos;&#10;System info: os.name: &apos;Mac OS X&apos;, os.arch: &apos;aarch64&apos;, os.version: &apos;26.3.1&apos;, java.version: &apos;17.0.17&apos;&#10;Driver info: io.appium.java_client.android.AndroidDriver&#10;Command: [bbb861e2-5c3c-45ec-9901-592143764c3b, quit {}]&#10;Capabilities {appium:appActivity: .MainActivity, appium:appPackage: com.hiteshi.vevahik, appium:automationName: UiAutomator2, appium:databaseEnabled: false, appium:desired: {appActivity: .MainActivity, appPackage: com.hiteshi.vevahik, automationName: UiAutomator2, deviceName: Android Device, newCommandTimeout: 60, noReset: true, platformName: android, udid: emulator-5554}, appium:deviceApiLevel: 37, appium:deviceManufacturer: Google, appium:deviceModel: sdk_gphone16k_arm64, appium:deviceName: emulator-5554, appium:deviceScreenDensity: 480, appium:deviceScreenSize: 1280x2856, appium:deviceUDID: emulator-5554, appium:javascriptEnabled: true, appium:locationContextEnabled: false, appium:networkConnectionEnabled: true, appium:newCommandTimeout: 60, appium:noReset: true, appium:pixelRatio: 3, appium:platformVersion: 17, appium:statBarHeight: 156, appium:takesScreenshot: true, appium:udid: emulator-5554, appium:viewportRect: {height: 2700, left: 0, top: 156, width: 1280}, appium:warnings: {}, appium:webStorageEnabled: false, platformName: ANDROID}&#10;Session ID: bbb861e2-5c3c-45ec-9901-592143764c3b" type="org.openqa.selenium.WebDriverException"><![CDATA[org.openqa.selenium.WebDriverException: 
Error executing adbExec. Original error: 'Command '/Users/sachin/Library/Android/sdk/platform-tools/adb -P 5037 -s emulator-5554 shell 'settings delete global hidden_api_policy_pre_p_apps;settings delete global hidden_api_policy_p_apps;settings delete global hidden_api_policy'' exited with code 1'; Command output: adb: device offline

Build info: version: '4.8.3', revision: 'e5e76298c3'
System info: os.name: 'Mac OS X', os.arch: 'aarch64', os.version: '26.3.1', java.version: '17.0.17'
Driver info: io.appium.java_client.android.AndroidDriver
Command: [bbb861e2-5c3c-45ec-9901-592143764c3b, quit {}]
Capabilities {appium:appActivity: .MainActivity, appium:appPackage: com.hiteshi.vevahik, appium:automationName: UiAutomator2, appium:databaseEnabled: false, appium:desired: {appActivity: .MainActivity, appPackage: com.hiteshi.vevahik, automationName: UiAutomator2, deviceName: Android Device, newCommandTimeout: 60, noReset: true, platformName: android, udid: emulator-5554}, appium:deviceApiLevel: 37, appium:deviceManufacturer: Google, appium:deviceModel: sdk_gphone16k_arm64, appium:deviceName: emulator-5554, appium:deviceScreenDensity: 480, appium:deviceScreenSize: 1280x2856, appium:deviceUDID: emulator-5554, appium:javascriptEnabled: true, appium:locationContextEnabled: false, appium:networkConnectionEnabled: true, appium:newCommandTimeout: 60, appium:noReset: true, appium:pixelRatio: 3, appium:platformVersion: 17, appium:statBarHeight: 156, appium:takesScreenshot: true, appium:udid: emulator-5554, appium:viewportRect: {height: 2700, left: 0, top: 156, width: 1280}, appium:warnings: {}, appium:webStorageEnabled: false, platformName: ANDROID}
Session ID: bbb861e2-5c3c-45ec-9901-592143764c3b
	at java.base/jdk.internal.reflect.NativeConstructorAccessorImpl.newInstance0(Native Method)
	at java.base/jdk.internal.reflect.NativeConstructorAccessorImpl.newInstance(NativeConstructorAccessorImpl.java:77)
	at java.base/jdk.internal.reflect.DelegatingConstructorAccessorImpl.newInstance(DelegatingConstructorAccessorImpl.java:45)
	at java.base/java.lang.reflect.Constructor.newInstanceWithCaller(Constructor.java:500)
	at java.base/java.lang.reflect.Constructor.newInstance(Constructor.java:481)
	at org.openqa.selenium.remote.codec.w3c.W3CHttpResponseCodec.createException(W3CHttpResponseCodec.java:200)
	at org.openqa.selenium.remote.codec.w3c.W3CHttpResponseCodec.decode(W3CHttpResponseCodec.java:133)
	at org.openqa.selenium.remote.codec.w3c.W3CHttpResponseCodec.decode(W3CHttpResponseCodec.java:53)
	at org.openqa.selenium.remote.HttpCommandExecutor.execute(HttpCommandExecutor.java:193)
	at io.appium.java_client.remote.AppiumCommandExecutor.execute(AppiumCommandExecutor.java:250)
	at org.openqa.selenium.remote.RemoteWebDriver.execute(RemoteWebDriver.java:543)
	at org.openqa.selenium.remote.RemoteWebDriver.execute(RemoteWebDriver.java:598)
	at io.appium.java_client.AppiumDriver.execute(AppiumDriver.java:313)
	at org.openqa.selenium.remote.RemoteWebDriver.quit(RemoteWebDriver.java:445)
	at base.BaseTest.tearDown(BaseTest.java:51)
	at java.base/jdk.internal.reflect.NativeMethodAccessorImpl.invoke0(Native Method)
	at java.base/jdk.internal.reflect.NativeMethodAccessorImpl.invoke(NativeMethodAccessorImpl.java:77)
	at java.base/jdk.internal.reflect.DelegatingMethodAccessorImpl.invoke(DelegatingMethodAccessorImpl.java:43)
	at java.base/java.lang.reflect.Method.invoke(Method.java:569)
	at org.testng.internal.invokers.MethodInvocationHelper.invokeMethod(MethodInvocationHelper.java:139)
	at org.testng.internal.invokers.MethodInvocationHelper.invokeMethodConsideringTimeout(MethodInvocationHelper.java:69)
	at org.testng.internal.invokers.ConfigInvoker.invokeConfigurationMethod(ConfigInvoker.java:393)
	at org.testng.internal.invokers.ConfigInvoker.invokeConfigurations(ConfigInvoker.java:326)
	at org.testng.internal.invokers.TestInvoker.runConfigMethods(TestInvoker.java:810)
	at org.testng.internal.invokers.TestInvoker.runAfterConfigurations(TestInvoker.java:779)
	at org.testng.internal.invokers.TestInvoker.invokeMethod(TestInvoker.java:755)
	at org.testng.internal.invokers.TestInvoker.invokeTestMethod(TestInvoker.java:228)
	at org.testng.internal.invokers.MethodRunner.runInSequence(MethodRunner.java:63)
	at org.testng.internal.invokers.TestInvoker$MethodInvocationAgent.invoke(TestInvoker.java:961)
	at org.testng.internal.invokers.TestInvoker.invokeTestMethods(TestInvoker.java:201)
	at org.testng.internal.invokers.TestMethodWorker.invokeTestMethods(TestMethodWorker.java:148)
	at org.testng.internal.invokers.TestMethodWorker.run(TestMethodWorker.java:128)
	at java.base/java.util.ArrayList.forEach(ArrayList.java:1511)
	at org.testng.TestRunner.privateRun(TestRunner.java:819)
	at org.testng.TestRunner.run(TestRunner.java:619)
	at org.testng.SuiteRunner.runTest(SuiteRunner.java:443)
	at org.testng.SuiteRunner.runSequentially(SuiteRunner.java:437)
	at org.testng.SuiteRunner.privateRun(SuiteRunner.java:397)
	at org.testng.SuiteRunner.run(SuiteRunner.java:336)
	at org.testng.SuiteRunnerWorker.runSuite(SuiteRunnerWorker.java:52)
	at org.testng.SuiteRunnerWorker.run(SuiteRunnerWorker.java:95)
	at org.testng.TestNG.runSuitesSequentially(TestNG.java:1301)
	at org.testng.TestNG.runSuitesLocally(TestNG.java:1228)
	at org.testng.TestNG.runSuites(TestNG.java:1134)
	at org.testng.TestNG.run(TestNG.java:1101)
	at org.apache.maven.surefire.testng.TestNGExecutor.run(TestNGExecutor.java:308)
	at org.apache.maven.surefire.testng.TestNGXmlTestSuite.execute(TestNGXmlTestSuite.java:71)
	at org.apache.maven.surefire.testng.TestNGProvider.invoke(TestNGProvider.java:113)
	at org.apache.maven.surefire.booter.ForkedBooter.runSuitesInProcess(ForkedBooter.java:385)
	at org.apache.maven.surefire.booter.ForkedBooter.execute(ForkedBooter.java:162)
	at org.apache.maven.surefire.booter.ForkedBooter.run(ForkedBooter.java:507)
	at org.apache.maven.surefire.booter.ForkedBooter.main(ForkedBooter.java:495)
]]></failure>
    <system-out><![CDATA[01:20:37.367 [main] ERROR tests.LoginTest - Test failed: launchTest
org.openqa.selenium.TimeoutException: None of the provided locators were clickable
Build info: version: '4.8.3', revision: 'e5e76298c3'
System info: os.name: 'Mac OS X', os.arch: 'aarch64', os.version: '26.3.1', java.version: '17.0.17'
Driver info: driver.version: unknown
	at utils.ElementActions.clickFirst(ElementActions.java:43)
	at pages.HomePage.clickLogin(HomePage.java:72)
	at pages.HomePage.goToLogin(HomePage.java:79)
	at tests.LoginTest.launchTest(LoginTest.java:16)
	at java.base/jdk.internal.reflect.NativeMethodAccessorImpl.invoke0(Native Method)
	at java.base/jdk.internal.reflect.NativeMethodAccessorImpl.invoke(NativeMethodAccessorImpl.java:77)
	at java.base/jdk.internal.reflect.DelegatingMethodAccessorImpl.invoke(DelegatingMethodAccessorImpl.java:43)
	at java.base/java.lang.reflect.Method.invoke(Method.java:569)
	at org.testng.internal.invokers.MethodInvocationHelper.invokeMethod(MethodInvocationHelper.java:139)
	at org.testng.internal.invokers.TestInvoker.invokeMethod(TestInvoker.java:664)
	at org.testng.internal.invokers.TestInvoker.invokeTestMethod(TestInvoker.java:228)
	at org.testng.internal.invokers.MethodRunner.runInSequence(MethodRunner.java:63)
	at org.testng.internal.invokers.TestInvoker$MethodInvocationAgent.invoke(TestInvoker.java:961)
	at org.testng.internal.invokers.TestInvoker.invokeTestMethods(TestInvoker.java:201)
	at org.testng.internal.invokers.TestMethodWorker.invokeTestMethods(TestMethodWorker.java:148)
	at org.testng.internal.invokers.TestMethodWorker.run(TestMethodWorker.java:128)
	at java.base/java.util.ArrayList.forEach(ArrayList.java:1511)
	at org.testng.TestRunner.privateRun(TestRunner.java:819)
	at org.testng.TestRunner.run(TestRunner.java:619)
	at org.testng.SuiteRunner.runTest(SuiteRunner.java:443)
	at org.testng.SuiteRunner.runSequentially(SuiteRunner.java:437)
	at org.testng.SuiteRunner.privateRun(SuiteRunner.java:397)
	at org.testng.SuiteRunner.run(SuiteRunner.java:336)
	at org.testng.SuiteRunnerWorker.runSuite(SuiteRunnerWorker.java:52)
	at org.testng.SuiteRunnerWorker.run(SuiteRunnerWorker.java:95)
	at org.testng.TestNG.runSuitesSequentially(TestNG.java:1301)
	at org.testng.TestNG.runSuitesLocally(TestNG.java:1228)
	at org.testng.TestNG.runSuites(TestNG.java:1134)
	at org.testng.TestNG.run(TestNG.java:1101)
	at org.apache.maven.surefire.testng.TestNGExecutor.run(TestNGExecutor.java:308)
	at org.apache.maven.surefire.testng.TestNGXmlTestSuite.execute(TestNGXmlTestSuite.java:71)
	at org.apache.maven.surefire.testng.TestNGProvider.invoke(TestNGProvider.java:113)
	at org.apache.maven.surefire.booter.ForkedBooter.runSuitesInProcess(ForkedBooter.java:385)
	at org.apache.maven.surefire.booter.ForkedBooter.execute(ForkedBooter.java:162)
	at org.apache.maven.surefire.booter.ForkedBooter.run(ForkedBooter.java:507)
	at org.apache.maven.surefire.booter.ForkedBooter.main(ForkedBooter.java:495)
01:20:37.367 [Forwarding screenshot on session bbb861e2-5c3c-45ec-9901-592143764c3b to remote] DEBUG org.asynchttpclient.netty.request.NettyRequestSender - Using pooled Channel '[id: 0xf10b9492, L:/127.0.0.1:53379 - R:/127.0.0.1:4723]' for 'GET' to 'http://127.0.0.1:4723/session/bbb861e2-5c3c-45ec-9901-592143764c3b/screenshot'
01:20:37.367 [Forwarding screenshot on session bbb861e2-5c3c-45ec-9901-592143764c3b to remote] DEBUG org.asynchttpclient.netty.request.NettyRequestSender - Using open Channel [id: 0xf10b9492, L:/127.0.0.1:53379 - R:/127.0.0.1:4723] for GET '/session/bbb861e2-5c3c-45ec-9901-592143764c3b/screenshot'
01:20:37.370 [AsyncHttpClient-1-2] DEBUG org.asynchttpclient.netty.handler.HttpHandler - 

Request DefaultFullHttpRequest(decodeResult: success, version: HTTP/1.1, content: EmptyByteBufBE)
GET /session/bbb861e2-5c3c-45ec-9901-592143764c3b/screenshot HTTP/1.1
User-Agent: appium/8.4.0 (selenium/4.8.3 (java mac))
Cache-Control: no-cache
Content-Type: application/json; charset=utf-8
host: 127.0.0.1:4723
accept: */*

Response DefaultHttpResponse(decodeResult: success, version: HTTP/1.1)
HTTP/1.1 500 Internal Server Error
X-Powered-By: Express
Content-Type: application/json; charset=utf-8
Content-Length: 841
ETag: W/"349-v7ZreIAhzS15dZ6Y4qpa6aflzfk"
Date: Fri, 27 Mar 2026 19:50:37 GMT
Connection: keep-alive
Keep-Alive: timeout=600

01:20:37.370 [AsyncHttpClient-1-2] DEBUG org.asynchttpclient.netty.channel.ChannelManager - Adding key: http://127.0.0.1:4723 for channel [id: 0xf10b9492, L:/127.0.0.1:53379 - R:/127.0.0.1:4723]
01:20:37.371 [Forwarding getPageSource on session bbb861e2-5c3c-45ec-9901-592143764c3b to remote] DEBUG org.asynchttpclient.netty.request.NettyRequestSender - Using pooled Channel '[id: 0xf10b9492, L:/127.0.0.1:53379 - R:/127.0.0.1:4723]' for 'GET' to 'http://127.0.0.1:4723/session/bbb861e2-5c3c-45ec-9901-592143764c3b/source'
01:20:37.371 [Forwarding getPageSource on session bbb861e2-5c3c-45ec-9901-592143764c3b to remote] DEBUG org.asynchttpclient.netty.request.NettyRequestSender - Using open Channel [id: 0xf10b9492, L:/127.0.0.1:53379 - R:/127.0.0.1:4723] for GET '/session/bbb861e2-5c3c-45ec-9901-592143764c3b/source'
01:20:37.373 [AsyncHttpClient-1-2] DEBUG org.asynchttpclient.netty.handler.HttpHandler - 

Request DefaultFullHttpRequest(decodeResult: success, version: HTTP/1.1, content: EmptyByteBufBE)
GET /session/bbb861e2-5c3c-45ec-9901-592143764c3b/source HTTP/1.1
User-Agent: appium/8.4.0 (selenium/4.8.3 (java mac))
Cache-Control: no-cache
Content-Type: application/json; charset=utf-8
host: 127.0.0.1:4723
accept: */*

Response DefaultHttpResponse(decodeResult: success, version: HTTP/1.1)
HTTP/1.1 500 Internal Server Error
X-Powered-By: Express
Content-Type: application/json; charset=utf-8
Content-Length: 2205
ETag: W/"89d-1Kfw20/99+PY4vssBA3MpsOiSW4"
Date: Fri, 27 Mar 2026 19:50:37 GMT
Connection: keep-alive
Keep-Alive: timeout=600

01:20:37.373 [AsyncHttpClient-1-2] DEBUG org.asynchttpclient.netty.channel.ChannelManager - Adding key: http://127.0.0.1:4723 for channel [id: 0xf10b9492, L:/127.0.0.1:53379 - R:/127.0.0.1:4723]
01:20:37.374 [main] INFO tests.LoginTest - Quitting driver
01:20:37.374 [Forwarding quit on session bbb861e2-5c3c-45ec-9901-592143764c3b to remote] DEBUG org.asynchttpclient.netty.request.NettyRequestSender - Using pooled Channel '[id: 0xf10b9492, L:/127.0.0.1:53379 - R:/127.0.0.1:4723]' for 'DELETE' to 'http://127.0.0.1:4723/session/bbb861e2-5c3c-45ec-9901-592143764c3b'
01:20:37.374 [Forwarding quit on session bbb861e2-5c3c-45ec-9901-592143764c3b to remote] DEBUG org.asynchttpclient.netty.request.NettyRequestSender - Using open Channel [id: 0xf10b9492, L:/127.0.0.1:53379 - R:/127.0.0.1:4723] for DELETE '/session/bbb861e2-5c3c-45ec-9901-592143764c3b'
01:20:37.538 [AsyncHttpClient-1-2] DEBUG org.asynchttpclient.netty.handler.HttpHandler - 

Request DefaultFullHttpRequest(decodeResult: success, version: HTTP/1.1, content: EmptyByteBufBE)
DELETE /session/bbb861e2-5c3c-45ec-9901-592143764c3b HTTP/1.1
User-Agent: appium/8.4.0 (selenium/4.8.3 (java mac))
Content-Type: application/json; charset=utf-8
host: 127.0.0.1:4723
accept: */*

Response DefaultHttpResponse(decodeResult: success, version: HTTP/1.1)
HTTP/1.1 500 Internal Server Error
X-Powered-By: Express
Content-Type: application/json; charset=utf-8
Content-Length: 1724
ETag: W/"6bc-WG+27RMlJ3W4qTIs+v7U2VzExK0"
Date: Fri, 27 Mar 2026 19:50:37 GMT
Connection: keep-alive
Keep-Alive: timeout=600

01:20:37.538 [AsyncHttpClient-1-2] DEBUG org.asynchttpclient.netty.channel.ChannelManager - Adding key: http://127.0.0.1:4723 for channel [id: 0xf10b9492, L:/127.0.0.1:53379 - R:/127.0.0.1:4723]
01:20:37.895 [AsyncHttpClient-1-1] DEBUG org.asynchttpclient.netty.channel.DefaultChannelPool - Entry count for : http://127.0.0.1:4723 : 1
01:20:38.995 [AsyncHttpClient-1-1] DEBUG org.asynchttpclient.netty.channel.DefaultChannelPool - Entry count for : http://127.0.0.1:4723 : 1
01:20:40.092 [AsyncHttpClient-1-1] DEBUG org.asynchttpclient.netty.channel.DefaultChannelPool - Entry count for : http://127.0.0.1:4723 : 1
01:20:41.195 [AsyncHttpClient-1-1] DEBUG org.asynchttpclient.netty.channel.DefaultChannelPool - Entry count for : http://127.0.0.1:4723 : 1
01:20:42.291 [AsyncHttpClient-1-1] DEBUG org.asynchttpclient.netty.channel.DefaultChannelPool - Entry count for : http://127.0.0.1:4723 : 1
]]></system-out>
  </testcase>
</testsuite>