<?xml version="1.0" encoding="UTF-8"?>
<testng-results ignored="0" total="2" passed="2" failed="0" skipped="0">
  <reporter-output>
  </reporter-output>
  <suite started-at="2026-03-27T16:23:49 IST" name="Vevahik Suite" finished-at="2026-03-27T16:24:03 IST" duration-ms="14185">
    <groups>
    </groups>
    <test started-at="2026-03-27T16:23:49 IST" name="Startup Tests" finished-at="2026-03-27T16:24:03 IST" duration-ms="14185">
      <class name="tests.StartUP.verifylanding">
        <test-method is-config="true" signature="setup()[pri:0, instance:tests.StartUP.verifylanding@169bb4dd]" started-at="2026-03-27T16:23:49 IST" name="setup" finished-at="2026-03-27T16:23:52 IST" duration-ms="3533" status="PASS">
          <reporter-output>
          </reporter-output>
        </test-method> <!-- setup -->
        <test-method signature="verifyAppLaunch()[pri:1, instance:tests.StartUP.verifylanding@169bb4dd]" started-at="2026-03-27T16:23:52 IST" name="verifyAppLaunch" finished-at="2026-03-27T16:23:53 IST" duration-ms="372" status="PASS">
          <reporter-output>
          </reporter-output>
        </test-method> <!-- verifyAppLaunch -->
        <test-method is-config="true" signature="tearDown(org.testng.ITestResult)[pri:0, instance:tests.StartUP.verifylanding@169bb4dd]" started-at="2026-03-27T16:23:53 IST" name="tearDown" finished-at="2026-03-27T16:23:53 IST" duration-ms="363" status="PASS">
          <params>
            <param index="0">
              <value>
                <![CDATA[[TestResult name=verifyAppLaunch status=SUCCESS method=verifylanding.verifyAppLaunch()[pri:1, instance:tests.StartUP.verifylanding@169bb4dd] output={null}]]]>
              </value>
            </param>
          </params>
          <reporter-output>
          </reporter-output>
        </test-method> <!-- tearDown -->
        <test-method is-config="true" signature="setup()[pri:0, instance:tests.StartUP.verifylanding@169bb4dd]" started-at="2026-03-27T16:23:53 IST" name="setup" finished-at="2026-03-27T16:23:56 IST" duration-ms="2680" status="PASS">
          <reporter-output>
          </reporter-output>
        </test-method> <!-- setup -->
        <test-method signature="verifyNavigationOptions()[pri:2, instance:tests.StartUP.verifylanding@169bb4dd]" started-at="2026-03-27T16:23:56 IST" name="verifyNavigationOptions" finished-at="2026-03-27T16:24:03 IST" duration-ms="6706" status="PASS">
          <reporter-output>
          </reporter-output>
        </test-method> <!-- verifyNavigationOptions -->
        <test-method is-config="true" signature="tearDown(org.testng.ITestResult)[pri:0, instance:tests.StartUP.verifylanding@169bb4dd]" started-at="2026-03-27T16:24:03 IST" name="tearDown" finished-at="2026-03-27T16:24:03 IST" duration-ms="412" status="PASS">
          <params>
            <param index="0">
              <value>
                <![CDATA[[TestResult name=verifyNavigationOptions status=SUCCESS method=verifylanding.verifyNavigationOptions()[pri:2, instance:tests.StartUP.verifylanding@169bb4dd] output={null}]]]>
              </value>
            </param>
          </params>
          <reporter-output>
          </reporter-output>
        </test-method> <!-- tearDown -->
      </class> <!-- tests.StartUP.verifylanding -->
    </test> <!-- Startup Tests -->
  </suite> <!-- Vevahik Suite -->
</testng-results>
