<?xml version="1.0" encoding="UTF-8"?>
<testsuite xmlns:xsi="http://www.w3.org/2001/XMLSchema-instance" xsi:noNamespaceSchemaLocation="https://maven.apache.org/surefire/maven-surefire-plugin/xsd/surefire-test-report-3.0.xsd" version="3.0" name="TestSuite" time="15.059" tests="2" errors="0" skipped="0" failures="0">
  <properties>
[...]
</properties>
  <testcase name="verifyAppLaunch" classname="tests.StartUP.verifylanding" time="0.383">
    <system-out><![CDATA[16:23:48.767 [main] DEBUG org.testng.TestNG - suiteXmlPath: "C:\Users\sachin.tiwari\mobile-framework\testng.xml"
16:23:49.198 [main] WARN org.testng.TestNG - Ignoring duplicate listener : io.qameta.allure.testng.AllureTestNg
16:23:49.198 [main] WARN org.testng.TestNG - Ignoring duplicate listener : io.qameta.allure.testng.AllureTestNg
16:23:49.198 [main] WARN org.testng.TestNG - Ignoring duplicate listener : io.qameta.allure.testng.AllureTestNg
16:23:49.397 [main] INFO tests.StartUP.verifylanding - Initializing driver for test
16:23:49.437 [main] INFO driver.DriverFactory - Starting AndroidDriver session against http://127.0.0.1:4723 (deviceName=emulator-5554)
16:23:49.556 [main] DEBUG io.netty.util.internal.logging.InternalLoggerFactory - Using SLF4J as the default logging framework
16:23:49.559 [main] DEBUG io.netty.util.ResourceLeakDetector - -Dio.netty.leakDetection.level: simple
16:23:49.559 [main] DEBUG io.netty.util.ResourceLeakDetector - -Dio.netty.leakDetection.targetRecords: 4
16:23:49.566 [main] DEBUG io.netty.util.ResourceLeakDetectorFactory - Loaded default ResourceLeakDetector: io.netty.util.ResourceLeakDetector@5733f295
16:23:49.581 [main] DEBUG io.netty.util.internal.PlatformDependent0 - -Dio.netty.noUnsafe: false
16:23:49.582 [main] DEBUG io.netty.util.internal.PlatformDependent0 - Java version: 17
16:23:49.583 [main] DEBUG io.netty.util.internal.PlatformDependent0 - sun.misc.Unsafe.theUnsafe: available
16:23:49.584 [main] DEBUG io.netty.util.internal.PlatformDependent0 - sun.misc.Unsafe.copyMemory: available
16:23:49.584 [main] DEBUG io.netty.util.internal.PlatformDependent0 - sun.misc.Unsafe.storeFence: available
16:23:49.585 [main] DEBUG io.netty.util.internal.PlatformDependent0 - java.nio.Buffer.address: available
16:23:49.585 [main] DEBUG io.netty.util.internal.PlatformDependent0 - direct buffer constructor: unavailable: Reflective setAccessible(true) disabled
16:23:49.586 [main] DEBUG io.netty.util.internal.PlatformDependent0 - java.nio.Bits.unaligned: available, true
16:23:49.587 [main] DEBUG io.netty.util.internal.PlatformDependent0 - jdk.internal.misc.Unsafe.allocateUninitializedArray(int): unavailable: class io.netty.util.internal.PlatformDependent0$7 cannot access class jdk.internal.misc.Unsafe (in module java.base) because module java.base does not export jdk.internal.misc to unnamed module @7e057f43
16:23:49.588 [main] DEBUG io.netty.util.internal.PlatformDependent0 - java.nio.DirectByteBuffer.<init>(long, int): unavailable
16:23:49.588 [main] DEBUG io.netty.util.internal.PlatformDependent - sun.misc.Unsafe: available
16:23:49.589 [main] DEBUG io.netty.util.internal.PlatformDependent - maxDirectMemory: 4273995776 bytes (maybe)
16:23:49.589 [main] DEBUG io.netty.util.internal.PlatformDependent - -Dio.netty.tmpdir: C:\Users\SACHIN~1.TIW\AppData\Local\Temp (java.io.tmpdir)
16:23:49.590 [main] DEBUG io.netty.util.internal.PlatformDependent - -Dio.netty.bitMode: 64 (sun.arch.data.model)
16:23:49.590 [main] DEBUG io.netty.util.internal.PlatformDependent - Platform: Windows
16:23:49.591 [main] DEBUG io.netty.util.internal.PlatformDependent - -Dio.netty.maxDirectMemory: -1 bytes
16:23:49.591 [main] DEBUG io.netty.util.internal.PlatformDependent - -Dio.netty.uninitializedArrayAllocationThreshold: -1
16:23:49.592 [main] DEBUG io.netty.util.internal.CleanerJava9 - java.nio.ByteBuffer.cleaner(): available
16:23:49.592 [main] DEBUG io.netty.util.internal.PlatformDependent - -Dio.netty.noPreferDirect: false
16:23:49.599 [main] DEBUG io.netty.util.internal.PlatformDependent - org.jctools-core.MpscChunkedArrayQueue: available
16:23:49.621 [main] DEBUG io.netty.util.internal.InternalThreadLocalMap - -Dio.netty.threadLocalMap.stringBuilder.initialSize: 1024
16:23:49.621 [main] DEBUG io.netty.util.internal.InternalThreadLocalMap - -Dio.netty.threadLocalMap.stringBuilder.maxSize: 4096
16:23:49.765 [main] DEBUG io.netty.handler.ssl.JdkSslContext - Default protocols (JDK): [TLSv1.3, TLSv1.2] 
16:23:49.765 [main] DEBUG io.netty.handler.ssl.JdkSslContext - Default cipher suites (JDK): [TLS_ECDHE_ECDSA_WITH_AES_256_GCM_SHA384, TLS_ECDHE_ECDSA_WITH_AES_128_GCM_SHA256, TLS_ECDHE_RSA_WITH_AES_128_GCM_SHA256, TLS_ECDHE_RSA_WITH_AES_256_GCM_SHA384, TLS_ECDHE_RSA_WITH_AES_128_CBC_SHA, TLS_ECDHE_RSA_WITH_AES_256_CBC_SHA, TLS_RSA_WITH_AES_128_GCM_SHA256, TLS_RSA_WITH_AES_128_CBC_SHA, TLS_RSA_WITH_AES_256_CBC_SHA, TLS_AES_128_GCM_SHA256, TLS_AES_256_GCM_SHA384]
16:23:49.779 [main] DEBUG io.netty.util.concurrent.GlobalEventExecutor - -Dio.netty.globalEventExecutor.quietPeriodSeconds: 1
16:23:49.790 [main] DEBUG io.netty.channel.MultithreadEventLoopGroup - -Dio.netty.eventLoopThreads: 16
16:23:49.798 [main] DEBUG io.netty.channel.nio.NioEventLoop - -Dio.netty.noKeySetOptimization: false
16:23:49.798 [main] DEBUG io.netty.channel.nio.NioEventLoop - -Dio.netty.selectorAutoRebuildThreshold: 512
16:23:49.845 [main] DEBUG io.netty.buffer.PooledByteBufAllocator - -Dio.netty.allocator.numHeapArenas: 16
16:23:49.845 [main] DEBUG io.netty.buffer.PooledByteBufAllocator - -Dio.netty.allocator.numDirectArenas: 16
16:23:49.845 [main] DEBUG io.netty.buffer.PooledByteBufAllocator - -Dio.netty.allocator.pageSize: 8192
16:23:49.845 [main] DEBUG io.netty.buffer.PooledByteBufAllocator - -Dio.netty.allocator.maxOrder: 9
16:23:49.845 [main] DEBUG io.netty.buffer.PooledByteBufAllocator - -Dio.netty.allocator.chunkSize: 4194304
16:23:49.845 [main] DEBUG io.netty.buffer.PooledByteBufAllocator - -Dio.netty.allocator.smallCacheSize: 256
16:23:49.845 [main] DEBUG io.netty.buffer.PooledByteBufAllocator - -Dio.netty.allocator.normalCacheSize: 64
16:23:49.845 [main] DEBUG io.netty.buffer.PooledByteBufAllocator - -Dio.netty.allocator.maxCachedBufferCapacity: 32768
16:23:49.845 [main] DEBUG io.netty.buffer.PooledByteBufAllocator - -Dio.netty.allocator.cacheTrimInterval: 8192
16:23:49.845 [main] DEBUG io.netty.buffer.PooledByteBufAllocator - -Dio.netty.allocator.cacheTrimIntervalMillis: 0
16:23:49.845 [main] DEBUG io.netty.buffer.PooledByteBufAllocator - -Dio.netty.allocator.useCacheForAllThreads: false
16:23:49.845 [main] DEBUG io.netty.buffer.PooledByteBufAllocator - -Dio.netty.allocator.maxCachedByteBuffersPerChunk: 1023
16:23:49.856 [main] DEBUG io.netty.buffer.ByteBufUtil - -Dio.netty.allocator.type: pooled
16:23:49.856 [main] DEBUG io.netty.buffer.ByteBufUtil - -Dio.netty.threadLocalDirectBufferSize: 0
16:23:49.856 [main] DEBUG io.netty.buffer.ByteBufUtil - -Dio.netty.maxThreadLocalCharBufferSize: 16384
16:23:50.063 [Forwarding newSession on session null to remote] DEBUG io.netty.channel.DefaultChannelId - -Dio.netty.processId: 6696 (auto-detected)
16:23:50.065 [Forwarding newSession on session null to remote] DEBUG io.netty.util.NetUtil - -Djava.net.preferIPv4Stack: false
16:23:50.065 [Forwarding newSession on session null to remote] DEBUG io.netty.util.NetUtil - -Djava.net.preferIPv6Addresses: false
16:23:50.076 [Forwarding newSession on session null to remote] DEBUG io.netty.util.NetUtilInitializations - Loopback interface: lo (Software Loopback Interface 1, 127.0.0.1)
16:23:50.077 [Forwarding newSession on session null to remote] DEBUG io.netty.util.NetUtil - Failed to get SOMAXCONN from sysctl and file \proc\sys\net\core\somaxconn. Default: 200
16:23:50.105 [Forwarding newSession on session null to remote] DEBUG io.netty.channel.DefaultChannelId - -Dio.netty.machineId: 00:50:56:ff:fe:c0:00:01 (auto-detected)
16:23:50.160 [AsyncHttpClient-1-2] DEBUG io.netty.buffer.AbstractByteBuf - -Dio.netty.buffer.checkAccessible: true
16:23:50.160 [AsyncHttpClient-1-2] DEBUG io.netty.buffer.AbstractByteBuf - -Dio.netty.buffer.checkBounds: true
16:23:50.160 [AsyncHttpClient-1-2] DEBUG io.netty.util.ResourceLeakDetectorFactory - Loaded default ResourceLeakDetector: io.netty.util.ResourceLeakDetector@4962a195
16:23:50.176 [AsyncHttpClient-1-2] DEBUG org.asynchttpclient.netty.channel.NettyConnectListener - Using new Channel '[id: 0x22c591c1, L:/127.0.0.1:50529 - R:/127.0.0.1:4723]' for 'POST' to '/session'
16:23:50.192 [AsyncHttpClient-1-2] DEBUG io.netty.util.Recycler - -Dio.netty.recycler.maxCapacityPerThread: 4096
16:23:50.192 [AsyncHttpClient-1-2] DEBUG io.netty.util.Recycler - -Dio.netty.recycler.ratio: 8
16:23:50.192 [AsyncHttpClient-1-2] DEBUG io.netty.util.Recycler - -Dio.netty.recycler.chunkSize: 32
16:23:50.193 [AsyncHttpClient-1-2] DEBUG io.netty.util.Recycler - -Dio.netty.recycler.blocking: false
16:23:50.193 [AsyncHttpClient-1-2] DEBUG io.netty.util.Recycler - -Dio.netty.recycler.batchFastThreadLocalOnly: true
16:23:52.850 [AsyncHttpClient-1-2] DEBUG io.netty.handler.codec.compression.Brotli - brotli4j not in the classpath; Brotli support will be unavailable.
16:23:52.850 [AsyncHttpClient-1-2] DEBUG org.asynchttpclient.netty.handler.HttpHandler - 

Request DefaultHttpRequest(decodeResult: success, version: HTTP/1.1)
POST /session HTTP/1.1
X-Idempotency-Key: fce7cdcf-0f5a-4375-bcc1-27135a838383
User-Agent: appium/8.4.0 (selenium/4.10.0 (java windows))
Content-Length: 403
Content-Type: application/json; charset=utf-8
host: 127.0.0.1:4723
accept: */*

Response DefaultHttpResponse(decodeResult: success, version: HTTP/1.1)
HTTP/1.1 200 OK
X-Powered-By: Express
Vary: X-HTTP-Method-Override
Content-Type: application/json; charset=utf-8
Content-Length: 993
ETag: W/"3e1-csohC/2NnUwHwsXpvXL6w5fVxoI"
Date: Fri, 27 Mar 2026 10:53:52 GMT
Connection: keep-alive
Keep-Alive: timeout=600

16:23:52.855 [AsyncHttpClient-1-2] DEBUG org.asynchttpclient.netty.channel.ChannelManager - Adding key: http://127.0.0.1:4723 for channel [id: 0x22c591c1, L:/127.0.0.1:50529 - R:/127.0.0.1:4723]
16:23:53.009 [AsyncHttpClient-1-1] DEBUG org.asynchttpclient.netty.channel.DefaultChannelPool - Entry count for : http://127.0.0.1:4723 : 1
16:23:53.030 [Forwarding findElement on session 8448d5a5-8355-4165-99b1-64902bee144c to remote] DEBUG org.asynchttpclient.netty.request.NettyRequestSender - Using pooled Channel '[id: 0x22c591c1, L:/127.0.0.1:50529 - R:/127.0.0.1:4723]' for 'POST' to 'http://127.0.0.1:4723/session/8448d5a5-8355-4165-99b1-64902bee144c/element'
16:23:53.030 [Forwarding findElement on session 8448d5a5-8355-4165-99b1-64902bee144c to remote] DEBUG org.asynchttpclient.netty.request.NettyRequestSender - Using open Channel [id: 0x22c591c1, L:/127.0.0.1:50529 - R:/127.0.0.1:4723] for POST '/session/8448d5a5-8355-4165-99b1-64902bee144c/element'
16:23:53.302 [AsyncHttpClient-1-2] DEBUG org.asynchttpclient.netty.handler.HttpHandler - 

Request DefaultHttpRequest(decodeResult: success, version: HTTP/1.1)
POST /session/8448d5a5-8355-4165-99b1-64902bee144c/element HTTP/1.1
User-Agent: appium/8.4.0 (selenium/4.10.0 (java windows))
Content-Length: 114
Content-Type: application/json; charset=utf-8
host: 127.0.0.1:4723
accept: */*

Response DefaultHttpResponse(decodeResult: success, version: HTTP/1.1)
HTTP/1.1 200 OK
X-Powered-By: Express
Vary: X-HTTP-Method-Override
Content-Type: application/json; charset=utf-8
Content-Length: 137
ETag: W/"89-zIN/aFYkdSKRPTAvgVbabA9uVvE"
Date: Fri, 27 Mar 2026 10:53:53 GMT
Connection: keep-alive
Keep-Alive: timeout=600

16:23:53.303 [AsyncHttpClient-1-2] DEBUG org.asynchttpclient.netty.channel.ChannelManager - Adding key: http://127.0.0.1:4723 for channel [id: 0x22c591c1, L:/127.0.0.1:50529 - R:/127.0.0.1:4723]
16:23:53.307 [Forwarding isElementDisplayed on session 8448d5a5-8355-4165-99b1-64902bee144c to remote] DEBUG org.asynchttpclient.netty.request.NettyRequestSender - Using pooled Channel '[id: 0x22c591c1, L:/127.0.0.1:50529 - R:/127.0.0.1:4723]' for 'GET' to 'http://127.0.0.1:4723/session/8448d5a5-8355-4165-99b1-64902bee144c/element/00000000-0000-00e2-0000-00e400000003/displayed'
16:23:53.307 [Forwarding isElementDisplayed on session 8448d5a5-8355-4165-99b1-64902bee144c to remote] DEBUG org.asynchttpclient.netty.request.NettyRequestSender - Using open Channel [id: 0x22c591c1, L:/127.0.0.1:50529 - R:/127.0.0.1:4723] for GET '/session/8448d5a5-8355-4165-99b1-64902bee144c/element/00000000-0000-00e2-0000-00e400000003/displayed'
16:23:53.324 [AsyncHttpClient-1-2] DEBUG org.asynchttpclient.netty.handler.HttpHandler - 

Request DefaultFullHttpRequest(decodeResult: success, version: HTTP/1.1, content: EmptyByteBufBE)
GET /session/8448d5a5-8355-4165-99b1-64902bee144c/element/00000000-0000-00e2-0000-00e400000003/displayed HTTP/1.1
User-Agent: appium/8.4.0 (selenium/4.10.0 (java windows))
Cache-Control: no-cache
Content-Type: application/json; charset=utf-8
host: 127.0.0.1:4723
accept: */*

Response DefaultHttpResponse(decodeResult: success, version: HTTP/1.1)
HTTP/1.1 200 OK
X-Powered-By: Express
Content-Type: application/json; charset=utf-8
Content-Length: 14
ETag: W/"e-2ZHvAWebNQpyjGZTg6uyV8/spTo"
Date: Fri, 27 Mar 2026 10:53:53 GMT
Connection: keep-alive
Keep-Alive: timeout=600

16:23:53.325 [AsyncHttpClient-1-2] DEBUG org.asynchttpclient.netty.channel.ChannelManager - Adding key: http://127.0.0.1:4723 for channel [id: 0x22c591c1, L:/127.0.0.1:50529 - R:/127.0.0.1:4723]
16:23:53.326 [Forwarding isElementDisplayed on session 8448d5a5-8355-4165-99b1-64902bee144c to remote] DEBUG org.asynchttpclient.netty.request.NettyRequestSender - Using pooled Channel '[id: 0x22c591c1, L:/127.0.0.1:50529 - R:/127.0.0.1:4723]' for 'GET' to 'http://127.0.0.1:4723/session/8448d5a5-8355-4165-99b1-64902bee144c/element/00000000-0000-00e2-0000-00e400000003/displayed'
16:23:53.326 [Forwarding isElementDisplayed on session 8448d5a5-8355-4165-99b1-64902bee144c to remote] DEBUG org.asynchttpclient.netty.request.NettyRequestSender - Using open Channel [id: 0x22c591c1, L:/127.0.0.1:50529 - R:/127.0.0.1:4723] for GET '/session/8448d5a5-8355-4165-99b1-64902bee144c/element/00000000-0000-00e2-0000-00e400000003/displayed'
16:23:53.339 [AsyncHttpClient-1-2] DEBUG org.asynchttpclient.netty.handler.HttpHandler - 

Request DefaultFullHttpRequest(decodeResult: success, version: HTTP/1.1, content: EmptyByteBufBE)
GET /session/8448d5a5-8355-4165-99b1-64902bee144c/element/00000000-0000-00e2-0000-00e400000003/displayed HTTP/1.1
User-Agent: appium/8.4.0 (selenium/4.10.0 (java windows))
Cache-Control: no-cache
Content-Type: application/json; charset=utf-8
host: 127.0.0.1:4723
accept: */*

Response DefaultHttpResponse(decodeResult: success, version: HTTP/1.1)
HTTP/1.1 200 OK
X-Powered-By: Express
Content-Type: application/json; charset=utf-8
Content-Length: 14
ETag: W/"e-2ZHvAWebNQpyjGZTg6uyV8/spTo"
Date: Fri, 27 Mar 2026 10:53:53 GMT
Connection: keep-alive
Keep-Alive: timeout=600

16:23:53.340 [AsyncHttpClient-1-2] DEBUG org.asynchttpclient.netty.channel.ChannelManager - Adding key: http://127.0.0.1:4723 for channel [id: 0x22c591c1, L:/127.0.0.1:50529 - R:/127.0.0.1:4723]
]]></system-out>
  </testcase>
  <testcase name="verifyNavigationOptions" classname="tests.StartUP.verifylanding" time="6.705">
    <system-out><![CDATA[16:23:53.358 [main] INFO tests.StartUP.verifylanding - Quitting driver
16:23:53.359 [Forwarding quit on session 8448d5a5-8355-4165-99b1-64902bee144c to remote] DEBUG org.asynchttpclient.netty.request.NettyRequestSender - Using pooled Channel '[id: 0x22c591c1, L:/127.0.0.1:50529 - R:/127.0.0.1:4723]' for 'DELETE' to 'http://127.0.0.1:4723/session/8448d5a5-8355-4165-99b1-64902bee144c'
16:23:53.359 [Forwarding quit on session 8448d5a5-8355-4165-99b1-64902bee144c to remote] DEBUG org.asynchttpclient.netty.request.NettyRequestSender - Using open Channel [id: 0x22c591c1, L:/127.0.0.1:50529 - R:/127.0.0.1:4723] for DELETE '/session/8448d5a5-8355-4165-99b1-64902bee144c'
16:23:53.716 [AsyncHttpClient-1-2] DEBUG org.asynchttpclient.netty.handler.HttpHandler - 

Request DefaultFullHttpRequest(decodeResult: success, version: HTTP/1.1, content: EmptyByteBufBE)
DELETE /session/8448d5a5-8355-4165-99b1-64902bee144c HTTP/1.1
User-Agent: appium/8.4.0 (selenium/4.10.0 (java windows))
Content-Type: application/json; charset=utf-8
host: 127.0.0.1:4723
accept: */*

Response DefaultHttpResponse(decodeResult: success, version: HTTP/1.1)
HTTP/1.1 200 OK
X-Powered-By: Express
Content-Type: application/json; charset=utf-8
Content-Length: 14
ETag: W/"e-9/1BuKMgFObM1mWJm+YjxtXJnUM"
Date: Fri, 27 Mar 2026 10:53:53 GMT
Connection: keep-alive
Keep-Alive: timeout=600

16:23:53.716 [AsyncHttpClient-1-2] DEBUG org.asynchttpclient.netty.channel.ChannelManager - Adding key: http://127.0.0.1:4723 for channel [id: 0x22c591c1, L:/127.0.0.1:50529 - R:/127.0.0.1:4723]
16:23:53.733 [main] INFO tests.StartUP.verifylanding - Initializing driver for test
16:23:53.733 [main] INFO driver.DriverFactory - Starting AndroidDriver session against http://127.0.0.1:4723 (deviceName=emulator-5554)
16:23:53.739 [Forwarding newSession on session null to remote] DEBUG org.asynchttpclient.netty.request.NettyRequestSender - Using pooled Channel '[id: 0x22c591c1, L:/127.0.0.1:50529 - R:/127.0.0.1:4723]' for 'POST' to 'http://127.0.0.1:4723/session'
16:23:53.739 [Forwarding newSession on session null to remote] DEBUG org.asynchttpclient.netty.request.NettyRequestSender - Using open Channel [id: 0x22c591c1, L:/127.0.0.1:50529 - R:/127.0.0.1:4723] for POST '/session'
16:23:56.406 [AsyncHttpClient-1-2] DEBUG org.asynchttpclient.netty.handler.HttpHandler - 

Request DefaultHttpRequest(decodeResult: success, version: HTTP/1.1)
POST /session HTTP/1.1
X-Idempotency-Key: ce12e34e-f421-4c26-afeb-dd6b3afbf1d7
User-Agent: appium/8.4.0 (selenium/4.10.0 (java windows))
Content-Length: 403
Content-Type: application/json; charset=utf-8
host: 127.0.0.1:4723
accept: */*

Response DefaultHttpResponse(decodeResult: success, version: HTTP/1.1)
HTTP/1.1 200 OK
X-Powered-By: Express
Vary: X-HTTP-Method-Override
Content-Type: application/json; charset=utf-8
Content-Length: 993
ETag: W/"3e1-Ubhts0S9PrdCsAfxUbIPpx6+6xM"
Date: Fri, 27 Mar 2026 10:53:56 GMT
Connection: keep-alive
Keep-Alive: timeout=600

16:23:56.407 [AsyncHttpClient-1-2] DEBUG org.asynchttpclient.netty.channel.ChannelManager - Adding key: http://127.0.0.1:4723 for channel [id: 0x22c591c1, L:/127.0.0.1:50529 - R:/127.0.0.1:4723]
16:23:56.417 [Forwarding findElement on session a026e388-e526-49ce-b7c1-dd609b659ec6 to remote] DEBUG org.asynchttpclient.netty.request.NettyRequestSender - Using pooled Channel '[id: 0x22c591c1, L:/127.0.0.1:50529 - R:/127.0.0.1:4723]' for 'POST' to 'http://127.0.0.1:4723/session/a026e388-e526-49ce-b7c1-dd609b659ec6/element'
16:23:56.418 [Forwarding findElement on session a026e388-e526-49ce-b7c1-dd609b659ec6 to remote] DEBUG org.asynchttpclient.netty.request.NettyRequestSender - Using open Channel [id: 0x22c591c1, L:/127.0.0.1:50529 - R:/127.0.0.1:4723] for POST '/session/a026e388-e526-49ce-b7c1-dd609b659ec6/element'
16:23:56.666 [AsyncHttpClient-1-2] DEBUG org.asynchttpclient.netty.handler.HttpHandler - 

Request DefaultHttpRequest(decodeResult: success, version: HTTP/1.1)
POST /session/a026e388-e526-49ce-b7c1-dd609b659ec6/element HTTP/1.1
User-Agent: appium/8.4.0 (selenium/4.10.0 (java windows))
Content-Length: 114
Content-Type: application/json; charset=utf-8
host: 127.0.0.1:4723
accept: */*

Response DefaultHttpResponse(decodeResult: success, version: HTTP/1.1)
HTTP/1.1 200 OK
X-Powered-By: Express
Vary: X-HTTP-Method-Override
Content-Type: application/json; charset=utf-8
Content-Length: 137
ETag: W/"89-udZ37fl7P6KGNdH6Lhy/2LUvp0w"
Date: Fri, 27 Mar 2026 10:53:56 GMT
Connection: keep-alive
Keep-Alive: timeout=600

16:23:56.667 [AsyncHttpClient-1-2] DEBUG org.asynchttpclient.netty.channel.ChannelManager - Adding key: http://127.0.0.1:4723 for channel [id: 0x22c591c1, L:/127.0.0.1:50529 - R:/127.0.0.1:4723]
16:23:56.669 [Forwarding isElementDisplayed on session a026e388-e526-49ce-b7c1-dd609b659ec6 to remote] DEBUG org.asynchttpclient.netty.request.NettyRequestSender - Using pooled Channel '[id: 0x22c591c1, L:/127.0.0.1:50529 - R:/127.0.0.1:4723]' for 'GET' to 'http://127.0.0.1:4723/session/a026e388-e526-49ce-b7c1-dd609b659ec6/element/00000000-0000-00ee-0000-00ed00000003/displayed'
16:23:56.669 [Forwarding isElementDisplayed on session a026e388-e526-49ce-b7c1-dd609b659ec6 to remote] DEBUG org.asynchttpclient.netty.request.NettyRequestSender - Using open Channel [id: 0x22c591c1, L:/127.0.0.1:50529 - R:/127.0.0.1:4723] for GET '/session/a026e388-e526-49ce-b7c1-dd609b659ec6/element/00000000-0000-00ee-0000-00ed00000003/displayed'
16:23:56.685 [AsyncHttpClient-1-2] DEBUG org.asynchttpclient.netty.handler.HttpHandler - 

Request DefaultFullHttpRequest(decodeResult: success, version: HTTP/1.1, content: EmptyByteBufBE)
GET /session/a026e388-e526-49ce-b7c1-dd609b659ec6/element/00000000-0000-00ee-0000-00ed00000003/displayed HTTP/1.1
User-Agent: appium/8.4.0 (selenium/4.10.0 (java windows))
Cache-Control: no-cache
Content-Type: application/json; charset=utf-8
host: 127.0.0.1:4723
accept: */*

Response DefaultHttpResponse(decodeResult: success, version: HTTP/1.1)
HTTP/1.1 200 OK
X-Powered-By: Express
Content-Type: application/json; charset=utf-8
Content-Length: 14
ETag: W/"e-2ZHvAWebNQpyjGZTg6uyV8/spTo"
Date: Fri, 27 Mar 2026 10:53:56 GMT
Connection: keep-alive
Keep-Alive: timeout=600

16:23:56.686 [AsyncHttpClient-1-2] DEBUG org.asynchttpclient.netty.channel.ChannelManager - Adding key: http://127.0.0.1:4723 for channel [id: 0x22c591c1, L:/127.0.0.1:50529 - R:/127.0.0.1:4723]
16:23:56.688 [Forwarding isElementEnabled on session a026e388-e526-49ce-b7c1-dd609b659ec6 to remote] DEBUG org.asynchttpclient.netty.request.NettyRequestSender - Using pooled Channel '[id: 0x22c591c1, L:/127.0.0.1:50529 - R:/127.0.0.1:4723]' for 'GET' to 'http://127.0.0.1:4723/session/a026e388-e526-49ce-b7c1-dd609b659ec6/element/00000000-0000-00ee-0000-00ed00000003/enabled'
16:23:56.688 [Forwarding isElementEnabled on session a026e388-e526-49ce-b7c1-dd609b659ec6 to remote] DEBUG org.asynchttpclient.netty.request.NettyRequestSender - Using open Channel [id: 0x22c591c1, L:/127.0.0.1:50529 - R:/127.0.0.1:4723] for GET '/session/a026e388-e526-49ce-b7c1-dd609b659ec6/element/00000000-0000-00ee-0000-00ed00000003/enabled'
16:23:56.702 [AsyncHttpClient-1-2] DEBUG org.asynchttpclient.netty.handler.HttpHandler - 

Request DefaultFullHttpRequest(decodeResult: success, version: HTTP/1.1, content: EmptyByteBufBE)
GET /session/a026e388-e526-49ce-b7c1-dd609b659ec6/element/00000000-0000-00ee-0000-00ed00000003/enabled HTTP/1.1
User-Agent: appium/8.4.0 (selenium/4.10.0 (java windows))
Cache-Control: no-cache
Content-Type: application/json; charset=utf-8
host: 127.0.0.1:4723
accept: */*

Response DefaultHttpResponse(decodeResult: success, version: HTTP/1.1)
HTTP/1.1 200 OK
X-Powered-By: Express
Content-Type: application/json; charset=utf-8
Content-Length: 14
ETag: W/"e-2ZHvAWebNQpyjGZTg6uyV8/spTo"
Date: Fri, 27 Mar 2026 10:53:56 GMT
Connection: keep-alive
Keep-Alive: timeout=600

16:23:56.703 [AsyncHttpClient-1-2] DEBUG org.asynchttpclient.netty.channel.ChannelManager - Adding key: http://127.0.0.1:4723 for channel [id: 0x22c591c1, L:/127.0.0.1:50529 - R:/127.0.0.1:4723]
16:23:56.705 [Forwarding clickElement on session a026e388-e526-49ce-b7c1-dd609b659ec6 to remote] DEBUG org.asynchttpclient.netty.request.NettyRequestSender - Using pooled Channel '[id: 0x22c591c1, L:/127.0.0.1:50529 - R:/127.0.0.1:4723]' for 'POST' to 'http://127.0.0.1:4723/session/a026e388-e526-49ce-b7c1-dd609b659ec6/element/00000000-0000-00ee-0000-00ed00000003/click'
16:23:56.705 [Forwarding clickElement on session a026e388-e526-49ce-b7c1-dd609b659ec6 to remote] DEBUG org.asynchttpclient.netty.request.NettyRequestSender - Using open Channel [id: 0x22c591c1, L:/127.0.0.1:50529 - R:/127.0.0.1:4723] for POST '/session/a026e388-e526-49ce-b7c1-dd609b659ec6/element/00000000-0000-00ee-0000-00ed00000003/click'
16:23:57.399 [AsyncHttpClient-1-2] DEBUG org.asynchttpclient.netty.handler.HttpHandler - 

Request DefaultHttpRequest(decodeResult: success, version: HTTP/1.1)
POST /session/a026e388-e526-49ce-b7c1-dd609b659ec6/element/00000000-0000-00ee-0000-00ed00000003/click HTTP/1.1
User-Agent: appium/8.4.0 (selenium/4.10.0 (java windows))
Content-Length: 50
Content-Type: application/json; charset=utf-8
host: 127.0.0.1:4723
accept: */*

Response DefaultHttpResponse(decodeResult: success, version: HTTP/1.1)
HTTP/1.1 200 OK
X-Powered-By: Express
Vary: X-HTTP-Method-Override
Content-Type: application/json; charset=utf-8
Content-Length: 14
ETag: W/"e-9/1BuKMgFObM1mWJm+YjxtXJnUM"
Date: Fri, 27 Mar 2026 10:53:57 GMT
Connection: keep-alive
Keep-Alive: timeout=600

16:23:57.400 [AsyncHttpClient-1-2] DEBUG org.asynchttpclient.netty.channel.ChannelManager - Adding key: http://127.0.0.1:4723 for channel [id: 0x22c591c1, L:/127.0.0.1:50529 - R:/127.0.0.1:4723]
16:23:57.402 [Forwarding goBack on session a026e388-e526-49ce-b7c1-dd609b659ec6 to remote] DEBUG org.asynchttpclient.netty.request.NettyRequestSender - Using pooled Channel '[id: 0x22c591c1, L:/127.0.0.1:50529 - R:/127.0.0.1:4723]' for 'POST' to 'http://127.0.0.1:4723/session/a026e388-e526-49ce-b7c1-dd609b659ec6/back'
16:23:57.402 [Forwarding goBack on session a026e388-e526-49ce-b7c1-dd609b659ec6 to remote] DEBUG org.asynchttpclient.netty.request.NettyRequestSender - Using open Channel [id: 0x22c591c1, L:/127.0.0.1:50529 - R:/127.0.0.1:4723] for POST '/session/a026e388-e526-49ce-b7c1-dd609b659ec6/back'
16:23:57.495 [AsyncHttpClient-1-2] DEBUG org.asynchttpclient.netty.handler.HttpHandler - 

Request DefaultHttpRequest(decodeResult: success, version: HTTP/1.1)
POST /session/a026e388-e526-49ce-b7c1-dd609b659ec6/back HTTP/1.1
User-Agent: appium/8.4.0 (selenium/4.10.0 (java windows))
Content-Length: 3
Content-Type: application/json; charset=utf-8
host: 127.0.0.1:4723
accept: */*

Response DefaultHttpResponse(decodeResult: success, version: HTTP/1.1)
HTTP/1.1 200 OK
X-Powered-By: Express
Vary: X-HTTP-Method-Override
Content-Type: application/json; charset=utf-8
Content-Length: 14
ETag: W/"e-9/1BuKMgFObM1mWJm+YjxtXJnUM"
Date: Fri, 27 Mar 2026 10:53:57 GMT
Connection: keep-alive
Keep-Alive: timeout=600

16:23:57.495 [AsyncHttpClient-1-2] DEBUG org.asynchttpclient.netty.channel.ChannelManager - Adding key: http://127.0.0.1:4723 for channel [id: 0x22c591c1, L:/127.0.0.1:50529 - R:/127.0.0.1:4723]
16:23:57.497 [Forwarding goBack on session a026e388-e526-49ce-b7c1-dd609b659ec6 to remote] DEBUG org.asynchttpclient.netty.request.NettyRequestSender - Using pooled Channel '[id: 0x22c591c1, L:/127.0.0.1:50529 - R:/127.0.0.1:4723]' for 'POST' to 'http://127.0.0.1:4723/session/a026e388-e526-49ce-b7c1-dd609b659ec6/back'
16:23:57.497 [Forwarding goBack on session a026e388-e526-49ce-b7c1-dd609b659ec6 to remote] DEBUG org.asynchttpclient.netty.request.NettyRequestSender - Using open Channel [id: 0x22c591c1, L:/127.0.0.1:50529 - R:/127.0.0.1:4723] for POST '/session/a026e388-e526-49ce-b7c1-dd609b659ec6/back'
16:23:58.707 [AsyncHttpClient-1-2] DEBUG org.asynchttpclient.netty.handler.HttpHandler - 

Request DefaultHttpRequest(decodeResult: success, version: HTTP/1.1)
POST /session/a026e388-e526-49ce-b7c1-dd609b659ec6/back HTTP/1.1
User-Agent: appium/8.4.0 (selenium/4.10.0 (java windows))
Content-Length: 3
Content-Type: application/json; charset=utf-8
host: 127.0.0.1:4723
accept: */*

Response DefaultHttpResponse(decodeResult: success, version: HTTP/1.1)
HTTP/1.1 200 OK
X-Powered-By: Express
Vary: X-HTTP-Method-Override
Content-Type: application/json; charset=utf-8
Content-Length: 14
ETag: W/"e-9/1BuKMgFObM1mWJm+YjxtXJnUM"
Date: Fri, 27 Mar 2026 10:53:58 GMT
Connection: keep-alive
Keep-Alive: timeout=600

16:23:58.708 [AsyncHttpClient-1-2] DEBUG org.asynchttpclient.netty.channel.ChannelManager - Adding key: http://127.0.0.1:4723 for channel [id: 0x22c591c1, L:/127.0.0.1:50529 - R:/127.0.0.1:4723]
16:23:58.709 [Forwarding goBack on session a026e388-e526-49ce-b7c1-dd609b659ec6 to remote] DEBUG org.asynchttpclient.netty.request.NettyRequestSender - Using pooled Channel '[id: 0x22c591c1, L:/127.0.0.1:50529 - R:/127.0.0.1:4723]' for 'POST' to 'http://127.0.0.1:4723/session/a026e388-e526-49ce-b7c1-dd609b659ec6/back'
16:23:58.709 [Forwarding goBack on session a026e388-e526-49ce-b7c1-dd609b659ec6 to remote] DEBUG org.asynchttpclient.netty.request.NettyRequestSender - Using open Channel [id: 0x22c591c1, L:/127.0.0.1:50529 - R:/127.0.0.1:4723] for POST '/session/a026e388-e526-49ce-b7c1-dd609b659ec6/back'
16:23:59.573 [AsyncHttpClient-1-2] DEBUG org.asynchttpclient.netty.handler.HttpHandler - 

Request DefaultHttpRequest(decodeResult: success, version: HTTP/1.1)
POST /session/a026e388-e526-49ce-b7c1-dd609b659ec6/back HTTP/1.1
User-Agent: appium/8.4.0 (selenium/4.10.0 (java windows))
Content-Length: 3
Content-Type: application/json; charset=utf-8
host: 127.0.0.1:4723
accept: */*

Response DefaultHttpResponse(decodeResult: success, version: HTTP/1.1)
HTTP/1.1 200 OK
X-Powered-By: Express
Vary: X-HTTP-Method-Override
Content-Type: application/json; charset=utf-8
Content-Length: 14
ETag: W/"e-9/1BuKMgFObM1mWJm+YjxtXJnUM"
Date: Fri, 27 Mar 2026 10:53:59 GMT
Connection: keep-alive
Keep-Alive: timeout=600

16:23:59.573 [AsyncHttpClient-1-2] DEBUG org.asynchttpclient.netty.channel.ChannelManager - Adding key: http://127.0.0.1:4723 for channel [id: 0x22c591c1, L:/127.0.0.1:50529 - R:/127.0.0.1:4723]
16:23:59.574 [Forwarding findElement on session a026e388-e526-49ce-b7c1-dd609b659ec6 to remote] DEBUG org.asynchttpclient.netty.request.NettyRequestSender - Using pooled Channel '[id: 0x22c591c1, L:/127.0.0.1:50529 - R:/127.0.0.1:4723]' for 'POST' to 'http://127.0.0.1:4723/session/a026e388-e526-49ce-b7c1-dd609b659ec6/element'
16:23:59.575 [Forwarding findElement on session a026e388-e526-49ce-b7c1-dd609b659ec6 to remote] DEBUG org.asynchttpclient.netty.request.NettyRequestSender - Using open Channel [id: 0x22c591c1, L:/127.0.0.1:50529 - R:/127.0.0.1:4723] for POST '/session/a026e388-e526-49ce-b7c1-dd609b659ec6/element'
16:24:00.544 [AsyncHttpClient-1-2] DEBUG org.asynchttpclient.netty.handler.HttpHandler - 

Request DefaultHttpRequest(decodeResult: success, version: HTTP/1.1)
POST /session/a026e388-e526-49ce-b7c1-dd609b659ec6/element HTTP/1.1
User-Agent: appium/8.4.0 (selenium/4.10.0 (java windows))
Content-Length: 114
Content-Type: application/json; charset=utf-8
host: 127.0.0.1:4723
accept: */*

Response DefaultHttpResponse(decodeResult: success, version: HTTP/1.1)
HTTP/1.1 200 OK
X-Powered-By: Express
Vary: X-HTTP-Method-Override
Content-Type: application/json; charset=utf-8
Content-Length: 137
ETag: W/"89-Kc6lQUIiDg1y5DWvEr6sjk+Yz5o"
Date: Fri, 27 Mar 2026 10:54:00 GMT
Connection: keep-alive
Keep-Alive: timeout=600

16:24:00.544 [AsyncHttpClient-1-2] DEBUG org.asynchttpclient.netty.channel.ChannelManager - Adding key: http://127.0.0.1:4723 for channel [id: 0x22c591c1, L:/127.0.0.1:50529 - R:/127.0.0.1:4723]
16:24:00.545 [Forwarding isElementDisplayed on session a026e388-e526-49ce-b7c1-dd609b659ec6 to remote] DEBUG org.asynchttpclient.netty.request.NettyRequestSender - Using pooled Channel '[id: 0x22c591c1, L:/127.0.0.1:50529 - R:/127.0.0.1:4723]' for 'GET' to 'http://127.0.0.1:4723/session/a026e388-e526-49ce-b7c1-dd609b659ec6/element/00000000-0000-00ee-0000-00ee00000003/displayed'
16:24:00.546 [Forwarding isElementDisplayed on session a026e388-e526-49ce-b7c1-dd609b659ec6 to remote] DEBUG org.asynchttpclient.netty.request.NettyRequestSender - Using open Channel [id: 0x22c591c1, L:/127.0.0.1:50529 - R:/127.0.0.1:4723] for GET '/session/a026e388-e526-49ce-b7c1-dd609b659ec6/element/00000000-0000-00ee-0000-00ee00000003/displayed'
16:24:00.567 [AsyncHttpClient-1-2] DEBUG org.asynchttpclient.netty.handler.HttpHandler - 

Request DefaultFullHttpRequest(decodeResult: success, version: HTTP/1.1, content: EmptyByteBufBE)
GET /session/a026e388-e526-49ce-b7c1-dd609b659ec6/element/00000000-0000-00ee-0000-00ee00000003/displayed HTTP/1.1
User-Agent: appium/8.4.0 (selenium/4.10.0 (java windows))
Cache-Control: no-cache
Content-Type: application/json; charset=utf-8
host: 127.0.0.1:4723
accept: */*

Response DefaultHttpResponse(decodeResult: success, version: HTTP/1.1)
HTTP/1.1 200 OK
X-Powered-By: Express
Content-Type: application/json; charset=utf-8
Content-Length: 14
ETag: W/"e-2ZHvAWebNQpyjGZTg6uyV8/spTo"
Date: Fri, 27 Mar 2026 10:54:00 GMT
Connection: keep-alive
Keep-Alive: timeout=600

16:24:00.567 [AsyncHttpClient-1-2] DEBUG org.asynchttpclient.netty.channel.ChannelManager - Adding key: http://127.0.0.1:4723 for channel [id: 0x22c591c1, L:/127.0.0.1:50529 - R:/127.0.0.1:4723]
16:24:00.569 [Forwarding isElementEnabled on session a026e388-e526-49ce-b7c1-dd609b659ec6 to remote] DEBUG org.asynchttpclient.netty.request.NettyRequestSender - Using pooled Channel '[id: 0x22c591c1, L:/127.0.0.1:50529 - R:/127.0.0.1:4723]' for 'GET' to 'http://127.0.0.1:4723/session/a026e388-e526-49ce-b7c1-dd609b659ec6/element/00000000-0000-00ee-0000-00ee00000003/enabled'
16:24:00.569 [Forwarding isElementEnabled on session a026e388-e526-49ce-b7c1-dd609b659ec6 to remote] DEBUG org.asynchttpclient.netty.request.NettyRequestSender - Using open Channel [id: 0x22c591c1, L:/127.0.0.1:50529 - R:/127.0.0.1:4723] for GET '/session/a026e388-e526-49ce-b7c1-dd609b659ec6/element/00000000-0000-00ee-0000-00ee00000003/enabled'
16:24:00.594 [AsyncHttpClient-1-2] DEBUG org.asynchttpclient.netty.handler.HttpHandler - 

Request DefaultFullHttpRequest(decodeResult: success, version: HTTP/1.1, content: EmptyByteBufBE)
GET /session/a026e388-e526-49ce-b7c1-dd609b659ec6/element/00000000-0000-00ee-0000-00ee00000003/enabled HTTP/1.1
User-Agent: appium/8.4.0 (selenium/4.10.0 (java windows))
Cache-Control: no-cache
Content-Type: application/json; charset=utf-8
host: 127.0.0.1:4723
accept: */*

Response DefaultHttpResponse(decodeResult: success, version: HTTP/1.1)
HTTP/1.1 200 OK
X-Powered-By: Express
Content-Type: application/json; charset=utf-8
Content-Length: 14
ETag: W/"e-2ZHvAWebNQpyjGZTg6uyV8/spTo"
Date: Fri, 27 Mar 2026 10:54:00 GMT
Connection: keep-alive
Keep-Alive: timeout=600

16:24:00.595 [AsyncHttpClient-1-2] DEBUG org.asynchttpclient.netty.channel.ChannelManager - Adding key: http://127.0.0.1:4723 for channel [id: 0x22c591c1, L:/127.0.0.1:50529 - R:/127.0.0.1:4723]
16:24:00.596 [Forwarding clickElement on session a026e388-e526-49ce-b7c1-dd609b659ec6 to remote] DEBUG org.asynchttpclient.netty.request.NettyRequestSender - Using pooled Channel '[id: 0x22c591c1, L:/127.0.0.1:50529 - R:/127.0.0.1:4723]' for 'POST' to 'http://127.0.0.1:4723/session/a026e388-e526-49ce-b7c1-dd609b659ec6/element/00000000-0000-00ee-0000-00ee00000003/click'
16:24:00.596 [Forwarding clickElement on session a026e388-e526-49ce-b7c1-dd609b659ec6 to remote] DEBUG org.asynchttpclient.netty.request.NettyRequestSender - Using open Channel [id: 0x22c591c1, L:/127.0.0.1:50529 - R:/127.0.0.1:4723] for POST '/session/a026e388-e526-49ce-b7c1-dd609b659ec6/element/00000000-0000-00ee-0000-00ee00000003/click'
16:24:01.930 [AsyncHttpClient-1-2] DEBUG org.asynchttpclient.netty.handler.HttpHandler - 

Request DefaultHttpRequest(decodeResult: success, version: HTTP/1.1)
POST /session/a026e388-e526-49ce-b7c1-dd609b659ec6/element/00000000-0000-00ee-0000-00ee00000003/click HTTP/1.1
User-Agent: appium/8.4.0 (selenium/4.10.0 (java windows))
Content-Length: 50
Content-Type: application/json; charset=utf-8
host: 127.0.0.1:4723
accept: */*

Response DefaultHttpResponse(decodeResult: success, version: HTTP/1.1)
HTTP/1.1 200 OK
X-Powered-By: Express
Vary: X-HTTP-Method-Override
Content-Type: application/json; charset=utf-8
Content-Length: 14
ETag: W/"e-9/1BuKMgFObM1mWJm+YjxtXJnUM"
Date: Fri, 27 Mar 2026 10:54:01 GMT
Connection: keep-alive
Keep-Alive: timeout=600

16:24:01.930 [AsyncHttpClient-1-2] DEBUG org.asynchttpclient.netty.channel.ChannelManager - Adding key: http://127.0.0.1:4723 for channel [id: 0x22c591c1, L:/127.0.0.1:50529 - R:/127.0.0.1:4723]
16:24:01.931 [Forwarding goBack on session a026e388-e526-49ce-b7c1-dd609b659ec6 to remote] DEBUG org.asynchttpclient.netty.request.NettyRequestSender - Using pooled Channel '[id: 0x22c591c1, L:/127.0.0.1:50529 - R:/127.0.0.1:4723]' for 'POST' to 'http://127.0.0.1:4723/session/a026e388-e526-49ce-b7c1-dd609b659ec6/back'
16:24:01.931 [Forwarding goBack on session a026e388-e526-49ce-b7c1-dd609b659ec6 to remote] DEBUG org.asynchttpclient.netty.request.NettyRequestSender - Using open Channel [id: 0x22c591c1, L:/127.0.0.1:50529 - R:/127.0.0.1:4723] for POST '/session/a026e388-e526-49ce-b7c1-dd609b659ec6/back'
16:24:02.041 [AsyncHttpClient-1-2] DEBUG org.asynchttpclient.netty.handler.HttpHandler - 

Request DefaultHttpRequest(decodeResult: success, version: HTTP/1.1)
POST /session/a026e388-e526-49ce-b7c1-dd609b659ec6/back HTTP/1.1
User-Agent: appium/8.4.0 (selenium/4.10.0 (java windows))
Content-Length: 3
Content-Type: application/json; charset=utf-8
host: 127.0.0.1:4723
accept: */*

Response DefaultHttpResponse(decodeResult: success, version: HTTP/1.1)
HTTP/1.1 200 OK
X-Powered-By: Express
Vary: X-HTTP-Method-Override
Content-Type: application/json; charset=utf-8
Content-Length: 14
ETag: W/"e-9/1BuKMgFObM1mWJm+YjxtXJnUM"
Date: Fri, 27 Mar 2026 10:54:02 GMT
Connection: keep-alive
Keep-Alive: timeout=600

16:24:02.041 [AsyncHttpClient-1-2] DEBUG org.asynchttpclient.netty.channel.ChannelManager - Adding key: http://127.0.0.1:4723 for channel [id: 0x22c591c1, L:/127.0.0.1:50529 - R:/127.0.0.1:4723]
16:24:02.043 [Forwarding findElement on session a026e388-e526-49ce-b7c1-dd609b659ec6 to remote] DEBUG org.asynchttpclient.netty.request.NettyRequestSender - Using pooled Channel '[id: 0x22c591c1, L:/127.0.0.1:50529 - R:/127.0.0.1:4723]' for 'POST' to 'http://127.0.0.1:4723/session/a026e388-e526-49ce-b7c1-dd609b659ec6/element'
16:24:02.043 [Forwarding findElement on session a026e388-e526-49ce-b7c1-dd609b659ec6 to remote] DEBUG org.asynchttpclient.netty.request.NettyRequestSender - Using open Channel [id: 0x22c591c1, L:/127.0.0.1:50529 - R:/127.0.0.1:4723] for POST '/session/a026e388-e526-49ce-b7c1-dd609b659ec6/element'
16:24:02.955 [AsyncHttpClient-1-2] DEBUG org.asynchttpclient.netty.handler.HttpHandler - 

Request DefaultHttpRequest(decodeResult: success, version: HTTP/1.1)
POST /session/a026e388-e526-49ce-b7c1-dd609b659ec6/element HTTP/1.1
User-Agent: appium/8.4.0 (selenium/4.10.0 (java windows))
Content-Length: 110
Content-Type: application/json; charset=utf-8
host: 127.0.0.1:4723
accept: */*

Response DefaultHttpResponse(decodeResult: success, version: HTTP/1.1)
HTTP/1.1 200 OK
X-Powered-By: Express
Vary: X-HTTP-Method-Override
Content-Type: application/json; charset=utf-8
Content-Length: 137
ETag: W/"89-0m6wAyCFf4qwGizen6DZgGjLypg"
Date: Fri, 27 Mar 2026 10:54:02 GMT
Connection: keep-alive
Keep-Alive: timeout=600

16:24:02.955 [AsyncHttpClient-1-2] DEBUG org.asynchttpclient.netty.channel.ChannelManager - Adding key: http://127.0.0.1:4723 for channel [id: 0x22c591c1, L:/127.0.0.1:50529 - R:/127.0.0.1:4723]
16:24:02.956 [Forwarding isElementDisplayed on session a026e388-e526-49ce-b7c1-dd609b659ec6 to remote] DEBUG org.asynchttpclient.netty.request.NettyRequestSender - Using pooled Channel '[id: 0x22c591c1, L:/127.0.0.1:50529 - R:/127.0.0.1:4723]' for 'GET' to 'http://127.0.0.1:4723/session/a026e388-e526-49ce-b7c1-dd609b659ec6/element/00000000-0000-00ee-0000-00ef00000003/displayed'
16:24:02.957 [Forwarding isElementDisplayed on session a026e388-e526-49ce-b7c1-dd609b659ec6 to remote] DEBUG org.asynchttpclient.netty.request.NettyRequestSender - Using open Channel [id: 0x22c591c1, L:/127.0.0.1:50529 - R:/127.0.0.1:4723] for GET '/session/a026e388-e526-49ce-b7c1-dd609b659ec6/element/00000000-0000-00ee-0000-00ef00000003/displayed'
16:24:02.984 [AsyncHttpClient-1-2] DEBUG org.asynchttpclient.netty.handler.HttpHandler - 

Request DefaultFullHttpRequest(decodeResult: success, version: HTTP/1.1, content: EmptyByteBufBE)
GET /session/a026e388-e526-49ce-b7c1-dd609b659ec6/element/00000000-0000-00ee-0000-00ef00000003/displayed HTTP/1.1
User-Agent: appium/8.4.0 (selenium/4.10.0 (java windows))
Cache-Control: no-cache
Content-Type: application/json; charset=utf-8
host: 127.0.0.1:4723
accept: */*

Response DefaultHttpResponse(decodeResult: success, version: HTTP/1.1)
HTTP/1.1 200 OK
X-Powered-By: Express
Content-Type: application/json; charset=utf-8
Content-Length: 14
ETag: W/"e-2ZHvAWebNQpyjGZTg6uyV8/spTo"
Date: Fri, 27 Mar 2026 10:54:02 GMT
Connection: keep-alive
Keep-Alive: timeout=600

16:24:02.985 [AsyncHttpClient-1-2] DEBUG org.asynchttpclient.netty.channel.ChannelManager - Adding key: http://127.0.0.1:4723 for channel [id: 0x22c591c1, L:/127.0.0.1:50529 - R:/127.0.0.1:4723]
16:24:02.987 [Forwarding isElementEnabled on session a026e388-e526-49ce-b7c1-dd609b659ec6 to remote] DEBUG org.asynchttpclient.netty.request.NettyRequestSender - Using pooled Channel '[id: 0x22c591c1, L:/127.0.0.1:50529 - R:/127.0.0.1:4723]' for 'GET' to 'http://127.0.0.1:4723/session/a026e388-e526-49ce-b7c1-dd609b659ec6/element/00000000-0000-00ee-0000-00ef00000003/enabled'
16:24:02.987 [Forwarding isElementEnabled on session a026e388-e526-49ce-b7c1-dd609b659ec6 to remote] DEBUG org.asynchttpclient.netty.request.NettyRequestSender - Using open Channel [id: 0x22c591c1, L:/127.0.0.1:50529 - R:/127.0.0.1:4723] for GET '/session/a026e388-e526-49ce-b7c1-dd609b659ec6/element/00000000-0000-00ee-0000-00ef00000003/enabled'
16:24:03.012 [AsyncHttpClient-1-2] DEBUG org.asynchttpclient.netty.handler.HttpHandler - 

Request DefaultFullHttpRequest(decodeResult: success, version: HTTP/1.1, content: EmptyByteBufBE)
GET /session/a026e388-e526-49ce-b7c1-dd609b659ec6/element/00000000-0000-00ee-0000-00ef00000003/enabled HTTP/1.1
User-Agent: appium/8.4.0 (selenium/4.10.0 (java windows))
Cache-Control: no-cache
Content-Type: application/json; charset=utf-8
host: 127.0.0.1:4723
accept: */*

Response DefaultHttpResponse(decodeResult: success, version: HTTP/1.1)
HTTP/1.1 200 OK
X-Powered-By: Express
Content-Type: application/json; charset=utf-8
Content-Length: 14
ETag: W/"e-2ZHvAWebNQpyjGZTg6uyV8/spTo"
Date: Fri, 27 Mar 2026 10:54:03 GMT
Connection: keep-alive
Keep-Alive: timeout=600

16:24:03.012 [AsyncHttpClient-1-2] DEBUG org.asynchttpclient.netty.channel.ChannelManager - Adding key: http://127.0.0.1:4723 for channel [id: 0x22c591c1, L:/127.0.0.1:50529 - R:/127.0.0.1:4723]
16:24:03.014 [Forwarding clickElement on session a026e388-e526-49ce-b7c1-dd609b659ec6 to remote] DEBUG org.asynchttpclient.netty.request.NettyRequestSender - Using pooled Channel '[id: 0x22c591c1, L:/127.0.0.1:50529 - R:/127.0.0.1:4723]' for 'POST' to 'http://127.0.0.1:4723/session/a026e388-e526-49ce-b7c1-dd609b659ec6/element/00000000-0000-00ee-0000-00ef00000003/click'
16:24:03.014 [Forwarding clickElement on session a026e388-e526-49ce-b7c1-dd609b659ec6 to remote] DEBUG org.asynchttpclient.netty.request.NettyRequestSender - Using open Channel [id: 0x22c591c1, L:/127.0.0.1:50529 - R:/127.0.0.1:4723] for POST '/session/a026e388-e526-49ce-b7c1-dd609b659ec6/element/00000000-0000-00ee-0000-00ef00000003/click'
16:24:03.117 [AsyncHttpClient-1-2] DEBUG org.asynchttpclient.netty.handler.HttpHandler - 

Request DefaultHttpRequest(decodeResult: success, version: HTTP/1.1)
POST /session/a026e388-e526-49ce-b7c1-dd609b659ec6/element/00000000-0000-00ee-0000-00ef00000003/click HTTP/1.1
User-Agent: appium/8.4.0 (selenium/4.10.0 (java windows))
Content-Length: 50
Content-Type: application/json; charset=utf-8
host: 127.0.0.1:4723
accept: */*

Response DefaultHttpResponse(decodeResult: success, version: HTTP/1.1)
HTTP/1.1 200 OK
X-Powered-By: Express
Vary: X-HTTP-Method-Override
Content-Type: application/json; charset=utf-8
Content-Length: 14
ETag: W/"e-9/1BuKMgFObM1mWJm+YjxtXJnUM"
Date: Fri, 27 Mar 2026 10:54:03 GMT
Connection: keep-alive
Keep-Alive: timeout=600

16:24:03.118 [AsyncHttpClient-1-2] DEBUG org.asynchttpclient.netty.channel.ChannelManager - Adding key: http://127.0.0.1:4723 for channel [id: 0x22c591c1, L:/127.0.0.1:50529 - R:/127.0.0.1:4723]
]]></system-out>
  </testcase>
</testsuite>