<?xml version="1.0" encoding="UTF-8"?>
<!-- Generated by org.testng.reporters.JUnitReportReporter -->
<testsuite hostname="HIPL-24" failures="0" tests="2" name="tests.StartUP.verifylanding" time="14.066" errors="0" timestamp="2026-03-27T16:24:03 IST" skipped="0">
  <testcase classname="tests.StartUP.verifylanding" name="verifyAppLaunch" time="4.268"/>
  <testcase classname="tests.StartUP.verifylanding" name="verifyNavigationOptions" time="9.798"/>
</testsuite> <!-- tests.StartUP.verifylanding -->
